#
# A fatal error has been detected by the Java Runtime Environment:
#
#  EXCEPTION_ACCESS_VIOLATION (0xc0000005) at pc=0x00007ffef534bad0, pid=18376, tid=16832
#
# JRE version: Java(TM) SE Runtime Environment (19.0.1+10) (build 19.0.1+10-21)
# Java VM: Java HotSpot(TM) 64-Bit Server VM (19.0.1+10-21, mixed mode, sharing, tiered, compressed oops, compressed class ptrs, g1 gc, windows-amd64)
# Problematic frame:
# V  [jvm.dll+0x9fbad0]
#
# No core dump will be written. Minidumps are not enabled by default on client versions of Windows
#
# If you would like to submit a bug report, please visit:
#   https://bugreport.java.com/bugreport/crash.jsp
# The crash happened outside the Java Virtual Machine in native code.
# See problematic frame for where to report the bug.
#

---------------  S U M M A R Y ------------

Command Line: --add-opens=java.base/java.util=ALL-UNNAMED --add-opens=java.base/java.lang=ALL-UNNAMED --add-opens=java.base/java.lang.invoke=ALL-UNNAMED --add-opens=java.prefs/java.util.prefs=ALL-UNNAMED --add-opens=java.base/java.nio.charset=ALL-UNNAMED --add-opens=java.base/java.net=ALL-UNNAMED --add-opens=java.base/java.util.concurrent.atomic=ALL-UNNAMED -XX:MaxMetaspaceSize=384m -XX:+HeapDumpOnOutOfMemoryError -Xms256m -Xmx512m -Dfile.encoding=windows-1252 -Duser.country=GB -Duser.language=en -Duser.variant -javaagent:C:\Users\PC-home\.gradle\wrapper\dists\gradle-8.3-bin\dxjbbhstwasg8cbags9q7cvli\gradle-8.3\lib\agents\gradle-instrumentation-agent-8.3.jar org.gradle.launcher.daemon.bootstrap.GradleDaemon 8.3

Host: Intel(R) Core(TM) i5-7400 CPU @ 3.00GHz, 4 cores, 7G,  Windows 10 , 64 bit Build 18362 (10.0.18362.1082)
Time: Thu Nov  9 13:39:08 2023 FLE Standard Time elapsed time: 87.328863 seconds (0d 0h 1m 27s)

---------------  T H R E A D  ---------------

Current thread (0x000001ff167ee470):  JavaThread "File watcher server" daemon [_thread_in_native, id=16832, stack(0x0000005854200000,0x0000005854300000)]

Stack: [0x0000005854200000,0x0000005854300000],  sp=0x00000058542fe908,  free space=1018k
Native frames: (J=compiled Java code, j=interpreted, Vv=VM code, C=native code)
V  [jvm.dll+0x9fbad0]

Java frames: (J=compiled Java code, j=interpreted, Vv=VM code)
j  net.rubygrapefruit.platform.internal.jni.AbstractNativeFileEventFunctions$NativeFileWatcher.executeRunLoop0(Ljava/lang/Object;)V+0
j  net.rubygrapefruit.platform.internal.jni.AbstractNativeFileEventFunctions$NativeFileWatcher.executeRunLoop()V+5
j  net.rubygrapefruit.platform.internal.jni.AbstractFileEventFunctions$AbstractFileWatcher$1.run()V+21
v  ~StubRoutines::call_stub 0x000001ff0753100e

siginfo: EXCEPTION_ACCESS_VIOLATION (0xc0000005), data execution prevention violation at address 0x00007ffef534bad0


Registers:
RAX=0x00007ffef534bad0, RBX=0x0000000000000000, RCX=0x00000058555fa8e8, RDX=0x0000000000000000
RSP=0x00000058542fe908, RBP=0x00000058542ff298, RSI=0x00000058555fa8e0, RDI=0x00000058555fa8a0
R8 =0x000001ff73d451c0, R9 =0x0000000000000001, R10=0x0000000000008000, R11=0x00000058542fe5c0
R12=0x0000000000000000, R13=0x000001ff1229fda0, R14=0x0000000000000000, R15=0x000001ff167ee470
RIP=0x00007ffef534bad0, EFLAGS=0x0000000000010202


Register to memory mapping:

RIP=0x00007ffef534bad0 jvm.dll
RAX=0x00007ffef534bad0 jvm.dll
RBX=0x0 is NULL
RCX=0x00000058555fa8e8 is pointing into the stack for thread: 0x000001ff18c19a70
RDX=0x0 is NULL
RSP=0x00000058542fe908 is pointing into the stack for thread: 0x000001ff167ee470
RBP=0x00000058542ff298 is pointing into the stack for thread: 0x000001ff167ee470
RSI=0x00000058555fa8e0 is pointing into the stack for thread: 0x000001ff18c19a70
RDI=0x00000058555fa8a0 is pointing into the stack for thread: 0x000001ff18c19a70
R8 =0x000001ff73d451c0 points into unknown readable memory: 0x000001ff73d40d50 | 50 0d d4 73 ff 01 00 00
R9 =0x0000000000000001 is an unknown value
R10=0x0000000000008000 is an unknown value
R11=0x00000058542fe5c0 is pointing into the stack for thread: 0x000001ff167ee470
R12=0x0 is NULL
R13={method} {0x000001ff1229fda8} 'executeRunLoop0' '(Ljava/lang/Object;)V' in 'net/rubygrapefruit/platform/internal/jni/AbstractNativeFileEventFunctions$NativeFileWatcher'
R14=0x0 is NULL
R15=0x000001ff167ee470 is a thread


Top of Stack: (sp=0x00000058542fe908)
0x00000058542fe908:   00007fff3a546369 00000000e0147fe0
0x00000058542fe918:   0000000800474318 0000000000000000
0x00000058542fe928:   00007fff3a523133 000001ff1888ee88
0x00000058542fe938:   0000000800436530 00008a32685e0463
0x00000058542fe948:   00007fff3a52da83 00000058542ff2c0
0x00000058542fe958:   00000058555fa8a0 00007fff3a51f150
0x00000058542fe968:   00007fff3a53709b 00000058555fa8e0
0x00000058542fe978:   000001ff17650ea0 0000000000000000
0x00000058542fe988:   00007fff3a52bfae 000001ff1888ee80
0x00000058542fe998:   00007fff3a5292a6 00000058555fa8e0
0x00000058542fe9a8:   0000000000000000 000001ff1888ee80
0x00000058542fe9b8:   0000000000000002 00000000000000c0
0x00000058542fe9c8:   00007fff3a5364c2 00000058542fea10
0x00000058542fe9d8:   00000058555fa8e0 0000000000000001
0x00000058542fe9e8:   000001ff73d90000 000001ff17651401
0x00000058542fe9f8:   00007ffef4c5b135 0000000000000000 

Instructions: (pc=0x00007ffef534bad0)
0x00007ffef534b9d0:   08 25 3f f5 fe 7f 00 00 20 2f 96 f4 fe 7f 00 00
0x00007ffef534b9e0:   30 25 3f f5 fe 7f 00 00 20 2f 96 f4 fe 7f 00 00
0x00007ffef534b9f0:   b0 2c 9c f4 fe 7f 00 00 6c 50 20 f5 fe 7f 00 00
0x00007ffef534ba00:   6c 50 20 f5 fe 7f 00 00 6c 50 20 f5 fe 7f 00 00
0x00007ffef534ba10:   6c 50 20 f5 fe 7f 00 00 b0 2c 9c f4 fe 7f 00 00
0x00007ffef534ba20:   b0 2c 9c f4 fe 7f 00 00 b0 2c 9c f4 fe 7f 00 00
0x00007ffef534ba30:   b0 2c 9c f4 fe 7f 00 00 b0 2c 9c f4 fe 7f 00 00
0x00007ffef534ba40:   b0 2c 9c f4 fe 7f 00 00 b0 2c 9c f4 fe 7f 00 00
0x00007ffef534ba50:   b0 2c 9c f4 fe 7f 00 00 b0 2c 9c f4 fe 7f 00 00
0x00007ffef534ba60:   b0 2c 9c f4 fe 7f 00 00 b0 2c 9c f4 fe 7f 00 00
0x00007ffef534ba70:   b0 2c 9c f4 fe 7f 00 00 b0 2c 9c f4 fe 7f 00 00
0x00007ffef534ba80:   b0 2c 9c f4 fe 7f 00 00 b0 2c 9c f4 fe 7f 00 00
0x00007ffef534ba90:   40 e9 01 f5 fe 7f 00 00 a0 ee 01 f5 fe 7f 00 00
0x00007ffef534baa0:   50 58 15 f5 fe 7f 00 00 20 2f 96 f4 fe 7f 00 00
0x00007ffef534bab0:   90 49 15 f5 fe 7f 00 00 40 a7 d7 f4 fe 7f 00 00
0x00007ffef534bac0:   d0 68 15 f5 fe 7f 00 00 58 25 3f f5 fe 7f 00 00
0x00007ffef534bad0:   20 2f 96 f4 fe 7f 00 00 c0 cb bb f4 fe 7f 00 00
0x00007ffef534bae0:   40 10 15 f5 fe 7f 00 00 00 78 15 f5 fe 7f 00 00
0x00007ffef534baf0:   20 2f 96 f4 fe 7f 00 00 60 5d 15 f5 fe 7f 00 00
0x00007ffef534bb00:   b0 2c 9c f4 fe 7f 00 00 f0 c6 96 f4 fe 7f 00 00
0x00007ffef534bb10:   b0 2c 9c f4 fe 7f 00 00 b0 2c 9c f4 fe 7f 00 00
0x00007ffef534bb20:   b0 2c 9c f4 fe 7f 00 00 b0 2c 9c f4 fe 7f 00 00
0x00007ffef534bb30:   b0 2c 9c f4 fe 7f 00 00 b0 2c 9c f4 fe 7f 00 00
0x00007ffef534bb40:   b0 2c 9c f4 fe 7f 00 00 b0 2c 9c f4 fe 7f 00 00
0x00007ffef534bb50:   b0 2c 9c f4 fe 7f 00 00 b0 2c 9c f4 fe 7f 00 00
0x00007ffef534bb60:   b0 2c 9c f4 fe 7f 00 00 f0 c6 96 f4 fe 7f 00 00
0x00007ffef534bb70:   d0 cb bb f4 fe 7f 00 00 e0 51 15 f5 fe 7f 00 00
0x00007ffef534bb80:   c0 cc bb f4 fe 7f 00 00 10 57 15 f5 fe 7f 00 00
0x00007ffef534bb90:   80 55 15 f5 fe 7f 00 00 40 49 15 f5 fe 7f 00 00
0x00007ffef534bba0:   90 cc bb f4 fe 7f 00 00 30 67 15 f5 fe 7f 00 00
0x00007ffef534bbb0:   90 52 15 f5 fe 7f 00 00 80 25 3f f5 fe 7f 00 00
0x00007ffef534bbc0:   c0 2f 15 f5 fe 7f 00 00 c0 0e 15 f5 fe 7f 00 00 


Stack slot to memory mapping:
stack at sp + 0 slots: 0x00007fff3a546369 native-platform-file-events.dll
stack at sp + 1 slots: 0x00000000e0147fe0 is an oop: org.gradle.internal.classloader.VisitableURLClassLoader 
{0x00000000e0147fe0} - klass: 'org/gradle/internal/classloader/VisitableURLClassLoader'
 - ---- fields (total size 13 words):
 - private 'defaultAssertionStatus' 'Z' @12  false
 - abstract internal 'loader_data' 'J' @16  2196869962080 (7fa75960 1ff)
 - private final 'parent' 'Ljava/lang/ClassLoader;' @24  a 'org/gradle/internal/classloader/VisitableURLClassLoader'{0x00000000e0148048} (e0148048)
 - private final 'name' 'Ljava/lang/String;' @28  NULL (0)
 - private final 'unnamedModule' 'Ljava/lang/Module;' @32  a 'java/lang/Module'{0x00000000e0147fa8} (e0147fa8)
 - private final 'nameAndId' 'Ljava/lang/String;' @36  "org.gradle.internal.classloader.VisitableURLClassLoader @21588809"{0x00000000e01081a8} (e01081a8)
 - private final 'parallelLockMap' 'Ljava/util/concurrent/ConcurrentHashMap;' @40  a 'java/util/concurrent/ConcurrentHashMap'{0x00000000e0108218} (e0108218)
 - private final 'package2certs' 'Ljava/util/concurrent/ConcurrentHashMap;' @44  a 'java/util/concurrent/ConcurrentHashMap'{0x00000000e0108418} (e0108418)
 - private final 'classes' 'Ljava/util/ArrayList;' @48  a 'java/util/ArrayList'{0x00000000e01085e8} (e01085e8)
 - private final 'defaultDomain' 'Ljava/security/ProtectionDomain;' @52  a 'java/security/ProtectionDomain'{0x00000000e0108638} (e0108638)
 - private final 'packages' 'Ljava/util/concurrent/ConcurrentHashMap;' @56  a 'java/util/concurrent/ConcurrentHashMap'{0x00000000e01086a8} (e01086a8)
 - private final 'libraries' 'Ljdk/internal/loader/NativeLibraries;' @60  a 'jdk/internal/loader/NativeLibraries'{0x00000000e0108908} (e0108908)
 - final 'assertionLock' 'Ljava/lang/Object;' @64  a 'java/lang/Object'{0x00000000e0108968} (e0108968)
 - private 'packageAssertionStatus' 'Ljava/util/Map;' @68  NULL (0)
 - 'classAssertionStatus' 'Ljava/util/Map;' @72  NULL (0)
 - private volatile 'classLoaderValueMap' 'Ljava/util/concurrent/ConcurrentHashMap;' @76  a 'java/util/concurrent/ConcurrentHashMap'{0x00000000e0a28150} (e0a28150)
 - private final 'pdcache' 'Ljava/util/Map;' @80  a 'java/util/concurrent/ConcurrentHashMap'{0x00000000e0108978} (e0108978)
 - private final 'ucp' 'Ljdk/internal/loader/URLClassPath;' @84  a 'jdk/internal/loader/URLClassPath'{0x00000000e01d7930} (e01d7930)
 - private final 'acc' 'Ljava/security/AccessControlContext;' @88  a 'java/security/AccessControlContext'{0x00000000e01d7988} (e01d7988)
 - private 'closeables' 'Ljava/util/WeakHashMap;' @92  a 'java/util/WeakHashMap'{0x00000000e0108b38} (e0108b38)
 - private final 'userData' 'Ljava/util/Map;' @96  a 'java/util/HashMap'{0x00000000e0108c20} (e0108c20)
 - private final 'name' 'Ljava/lang/String;' @100  "ant-and-gradle-loader"{0x00000000e01d7cc8} (e01d7cc8)
stack at sp + 2 slots: 0x0000000800474318 is pointing into metadata
stack at sp + 3 slots: 0x0 is NULL
stack at sp + 4 slots: 0x00007fff3a523133 native-platform-file-events.dll
stack at sp + 5 slots: 0x000001ff1888ee88 points into unknown readable memory: 0x0000000801149098 | 98 90 14 01 08 00 00 00
stack at sp + 6 slots: {method} {0x0000000800436538} 'findNative' '(Ljava/lang/ClassLoader;Ljava/lang/String;)J' in 'java/lang/ClassLoader'
stack at sp + 7 slots: 0x00008a32685e0463 is an unknown value


---------------  P R O C E S S  ---------------

Threads class SMR info:
_java_thread_list=0x000001ff1888e2e0, length=49, elements={
0x000001ff75f70ef0, 0x000001ff7f6e3bd0, 0x000001ff7f6e4fd0, 0x000001ff7f6e9340,
0x000001ff7f6ea0f0, 0x000001ff7f6eac20, 0x000001ff7f6ed560, 0x000001ff7f6ee1c0,
0x000001ff7f6f33b0, 0x000001ff7f70ea20, 0x000001ff7f8ce6c0, 0x000001ff7fa6ef70,
0x000001ff16262780, 0x000001ff157e82f0, 0x000001ff169822c0, 0x000001ff16a6c290,
0x000001ff16a82840, 0x000001ff169fc820, 0x000001ff1668a9d0, 0x000001ff167ef460,
0x000001ff167ec490, 0x000001ff167ec9e0, 0x000001ff167ecf30, 0x000001ff167ef9b0,
0x000001ff167ed480, 0x000001ff167ed9d0, 0x000001ff167ee470, 0x000001ff167ee9c0,
0x000001ff167eef10, 0x000001ff1850c010, 0x000001ff1850e540, 0x000001ff18509590,
0x000001ff18509040, 0x000001ff1850ea90, 0x000001ff1850d000, 0x000001ff1850b020,
0x000001ff18509ae0, 0x000001ff1850b570, 0x000001ff1850aad0, 0x000001ff1850a030,
0x000001ff18507b00, 0x000001ff1850d550, 0x000001ff1850daa0, 0x000001ff18508af0,
0x000001ff185085a0, 0x000001ff18c19a70, 0x000001ff18c17a90, 0x000001ff18c14ac0,
0x000001ff18c15560
}

Java Threads: ( => current thread )
  0x000001ff75f70ef0 JavaThread "main" [_thread_blocked, id=2404, stack(0x0000005851d00000,0x0000005851e00000)]
  0x000001ff7f6e3bd0 JavaThread "Reference Handler" daemon [_thread_blocked, id=13560, stack(0x0000005852400000,0x0000005852500000)]
  0x000001ff7f6e4fd0 JavaThread "Finalizer" daemon [_thread_blocked, id=16992, stack(0x0000005852500000,0x0000005852600000)]
  0x000001ff7f6e9340 JavaThread "Signal Dispatcher" daemon [_thread_blocked, id=12888, stack(0x0000005852600000,0x0000005852700000)]
  0x000001ff7f6ea0f0 JavaThread "Attach Listener" daemon [_thread_blocked, id=19468, stack(0x0000005852700000,0x0000005852800000)]
  0x000001ff7f6eac20 JavaThread "Service Thread" daemon [_thread_blocked, id=17464, stack(0x0000005852800000,0x0000005852900000)]
  0x000001ff7f6ed560 JavaThread "Monitor Deflation Thread" daemon [_thread_blocked, id=16268, stack(0x0000005852900000,0x0000005852a00000)]
  0x000001ff7f6ee1c0 JavaThread "C2 CompilerThread0" daemon [_thread_blocked, id=7828, stack(0x0000005852a00000,0x0000005852b00000)]
  0x000001ff7f6f33b0 JavaThread "C1 CompilerThread0" daemon [_thread_blocked, id=18956, stack(0x0000005852b00000,0x0000005852c00000)]
  0x000001ff7f70ea20 JavaThread "Sweeper thread" daemon [_thread_blocked, id=11232, stack(0x0000005852c00000,0x0000005852d00000)]
  0x000001ff7f8ce6c0 JavaThread "Common-Cleaner" daemon [_thread_blocked, id=10832, stack(0x0000005852d00000,0x0000005852e00000)]
  0x000001ff7fa6ef70 JavaThread "Notification Thread" daemon [_thread_blocked, id=9648, stack(0x0000005852e00000,0x0000005852f00000)]
  0x000001ff16262780 JavaThread "Daemon health stats" [_thread_blocked, id=13528, stack(0x0000005853400000,0x0000005853500000)]
  0x000001ff157e82f0 JavaThread "Incoming local TCP Connector on port 50912" [_thread_in_native, id=14704, stack(0x0000005853000000,0x0000005853100000)]
  0x000001ff169822c0 JavaThread "Daemon periodic checks" [_thread_blocked, id=16740, stack(0x0000005853500000,0x0000005853600000)]
  0x000001ff16a6c290 JavaThread "Daemon" [_thread_blocked, id=7876, stack(0x0000005853600000,0x0000005853700000)]
  0x000001ff16a82840 JavaThread "Handler for socket connection from /127.0.0.1:50912 to /127.0.0.1:50913" [_thread_in_native, id=16860, stack(0x0000005853700000,0x0000005853800000)]
  0x000001ff169fc820 JavaThread "Cancel handler" [_thread_blocked, id=20068, stack(0x0000005853800000,0x0000005853900000)]
  0x000001ff1668a9d0 JavaThread "Daemon worker" [_thread_blocked, id=17492, stack(0x0000005853900000,0x0000005853a00000)]
  0x000001ff167ef460 JavaThread "Asynchronous log dispatcher for DefaultDaemonConnection: socket connection from /127.0.0.1:50912 to /127.0.0.1:50913" [_thread_blocked, id=8112, stack(0x0000005853a00000,0x0000005853b00000)]
  0x000001ff167ec490 JavaThread "Stdin handler" [_thread_blocked, id=8132, stack(0x0000005853b00000,0x0000005853c00000)]
  0x000001ff167ec9e0 JavaThread "Daemon client event forwarder" [_thread_blocked, id=18484, stack(0x0000005853c00000,0x0000005853d00000)]
  0x000001ff167ecf30 JavaThread "Cache worker for journal cache (C:\Users\PC-home\.gradle\caches\journal-1)" [_thread_blocked, id=17840, stack(0x0000005853d00000,0x0000005853e00000)]
  0x000001ff167ef9b0 JavaThread "File lock request listener" [_thread_in_native, id=17832, stack(0x0000005853e00000,0x0000005853f00000)]
  0x000001ff167ed480 JavaThread "Cache worker for file hash cache (C:\Users\PC-home\.gradle\caches\8.3\fileHashes)" [_thread_blocked, id=9064, stack(0x0000005853f00000,0x0000005854000000)]
  0x000001ff167ed9d0 JavaThread "File lock release action executor" [_thread_blocked, id=11036, stack(0x0000005854100000,0x0000005854200000)]
=>0x000001ff167ee470 JavaThread "File watcher server" daemon [_thread_in_native, id=16832, stack(0x0000005854200000,0x0000005854300000)]
  0x000001ff167ee9c0 JavaThread "File watcher consumer" daemon [_thread_blocked, id=13612, stack(0x0000005854300000,0x0000005854400000)]
  0x000001ff167eef10 JavaThread "Cache worker for checksums cache (D:\ForumWebTeamProject\.gradle\8.3\checksums)" [_thread_blocked, id=17916, stack(0x0000005854000000,0x0000005854100000)]
  0x000001ff1850c010 JavaThread "Cache worker for file hash cache (D:\ForumWebTeamProject\.gradle\8.3\fileHashes)" [_thread_blocked, id=18488, stack(0x0000005854400000,0x0000005854500000)]
  0x000001ff1850e540 JavaThread "Cache worker for cache directory md-supplier (C:\Users\PC-home\.gradle\caches\8.3\md-supplier)" [_thread_blocked, id=12124, stack(0x0000005854500000,0x0000005854600000)]
  0x000001ff18509590 JavaThread "Cache worker for file content cache (C:\Users\PC-home\.gradle\caches\8.3\fileContent)" [_thread_blocked, id=2068, stack(0x0000005854600000,0x0000005854700000)]
  0x000001ff18509040 JavaThread "Cache worker for cache directory md-rule (C:\Users\PC-home\.gradle\caches\8.3\md-rule)" [_thread_blocked, id=4260, stack(0x0000005854700000,0x0000005854800000)]
  0x000001ff1850ea90 JavaThread "Cache worker for execution history cache (C:\Users\PC-home\.gradle\caches\8.3\executionHistory)" [_thread_blocked, id=14828, stack(0x0000005854800000,0x0000005854900000)]
  0x000001ff1850d000 JavaThread "jar transforms" [_thread_blocked, id=17096, stack(0x0000005854900000,0x0000005854a00000)]
  0x000001ff1850b020 JavaThread "jar transforms Thread 2" [_thread_blocked, id=8308, stack(0x0000005854a00000,0x0000005854b00000)]
  0x000001ff18509ae0 JavaThread "jar transforms Thread 3" [_thread_blocked, id=18320, stack(0x0000005854b00000,0x0000005854c00000)]
  0x000001ff1850b570 JavaThread "jar transforms Thread 4" [_thread_blocked, id=10888, stack(0x0000005854c00000,0x0000005854d00000)]
  0x000001ff1850aad0 JavaThread "Cache worker for dependencies-accessors (D:\ForumWebTeamProject\.gradle\8.3\dependencies-accessors)" [_thread_blocked, id=16396, stack(0x0000005854d00000,0x0000005854e00000)]
  0x000001ff1850a030 JavaThread "Cache worker for Build Output Cleanup Cache (D:\ForumWebTeamProject\.gradle\buildOutputCleanup)" [_thread_blocked, id=13512, stack(0x0000005854e00000,0x0000005854f00000)]
  0x000001ff18507b00 JavaThread "Unconstrained build operations" [_thread_blocked, id=10664, stack(0x0000005855000000,0x0000005855100000)]
  0x000001ff1850d550 JavaThread "Unconstrained build operations Thread 2" [_thread_blocked, id=11224, stack(0x0000005855100000,0x0000005855200000)]
  0x000001ff1850daa0 JavaThread "Unconstrained build operations Thread 3" [_thread_blocked, id=4904, stack(0x0000005855200000,0x0000005855300000)]
  0x000001ff18508af0 JavaThread "Memory manager" [_thread_blocked, id=3608, stack(0x0000005855300000,0x0000005855400000)]
  0x000001ff185085a0 JavaThread "included builds" [_thread_blocked, id=19620, stack(0x0000005855400000,0x0000005855500000)]
  0x000001ff18c19a70 JavaThread "Execution worker" [_thread_in_native, id=20468, stack(0x0000005855500000,0x0000005855600000)]
  0x000001ff18c17a90 JavaThread "Execution worker Thread 2" [_thread_blocked, id=2340, stack(0x0000005855600000,0x0000005855700000)]
  0x000001ff18c14ac0 JavaThread "Execution worker Thread 3" [_thread_blocked, id=4456, stack(0x0000005855700000,0x0000005855800000)]
  0x000001ff18c15560 JavaThread "Cache worker for execution history cache (D:\ForumWebTeamProject\.gradle\8.3\executionHistory)" [_thread_blocked, id=15500, stack(0x0000005855800000,0x0000005855900000)]

Other Threads:
  0x000001ff7f6c8de0 VMThread "VM Thread" [stack: 0x0000005852300000,0x0000005852400000] [id=9520]
  0x000001ff7fa6a920 WatcherThread "VM Periodic Task Thread" [stack: 0x0000005852f00000,0x0000005853000000] [id=12184]
  0x000001ff75fa3ad0 WorkerThread "GC Thread#0" [stack: 0x0000005851e00000,0x0000005851f00000] [id=5556]
  0x000001ff7fae1c50 WorkerThread "GC Thread#1" [stack: 0x0000005853100000,0x0000005853200000] [id=7684]
  0x000001ff7fb72db0 WorkerThread "GC Thread#2" [stack: 0x0000005853200000,0x0000005853300000] [id=20396]
  0x000001ff7fb73080 WorkerThread "GC Thread#3" [stack: 0x0000005853300000,0x0000005853400000] [id=20352]
  0x000001ff75fa8940 ConcurrentGCThread "G1 Main Marker" [stack: 0x0000005851f00000,0x0000005852000000] [id=12644]
  0x000001ff75fa9bc0 WorkerThread "G1 Conc#0" [stack: 0x0000005852000000,0x0000005852100000] [id=18424]
  0x000001ff7f589570 ConcurrentGCThread "G1 Refine#0" [stack: 0x0000005852100000,0x0000005852200000] [id=15728]
  0x000001ff7f589d60 ConcurrentGCThread "G1 Service" [stack: 0x0000005852200000,0x0000005852300000] [id=17296]

Threads with active compile tasks:

VM state: not at safepoint (normal execution)

VM Mutex/Monitor currently owned by a thread: None

Heap address: 0x00000000e0000000, size: 512 MB, Compressed Oops mode: 32-bit

CDS archive(s) mapped at: [0x0000000800000000-0x0000000800c40000-0x0000000800c40000), size 12845056, SharedBaseAddress: 0x0000000800000000, ArchiveRelocationMode: 0.
Compressed class space mapped at: 0x0000000801000000-0x0000000814400000, reserved size: 322961408
Narrow klass base: 0x0000000800000000, Narrow klass shift: 0, Narrow klass range: 0x100000000

GC Precious Log:
 CardTable entry size: 512
 Card Set container configuration: InlinePtr #cards 5 size 8 Array Of Cards #cards 12 size 40 Howl #buckets 4 coarsen threshold 1843 Howl Bitmap #cards 512 size 80 coarsen threshold 460 Card regions per heap region 1 cards per card region 2048
 CPUs: 4 total, 4 available
 Memory: 8155M
 Large Page Support: Disabled
 NUMA Support: Disabled
 Compressed Oops: Enabled (32-bit)
 Heap Region Size: 1M
 Heap Min Capacity: 256M
 Heap Initial Capacity: 256M
 Heap Max Capacity: 512M
 Pre-touch: Disabled
 Parallel Workers: 4
 Concurrent Workers: 1
 Concurrent Refinement Workers: 4
 Periodic GC: Disabled

Heap:
 garbage-first heap   total 262144K, used 82112K [0x00000000e0000000, 0x0000000100000000)
  region size 1024K, 60 young (61440K), 17 survivors (17408K)
 Metaspace       used 53823K, committed 55552K, reserved 380928K
  class space    used 7570K, committed 8448K, reserved 315392K

Heap Regions: E=young(eden), S=young(survivor), O=old, HS=humongous(starts), HC=humongous(continues), CS=collection set, F=free, OA=open archive, CA=closed archive, TAMS=top-at-mark-start (previous, next)
|   0|0x00000000e0000000, 0x00000000e0100000, 0x00000000e0100000|100%| O|  |TAMS 0x00000000e0100000, 0x00000000e0000000| Untracked 
|   1|0x00000000e0100000, 0x00000000e0200000, 0x00000000e0200000|100%| O|  |TAMS 0x00000000e0200000, 0x00000000e0100000| Untracked 
|   2|0x00000000e0200000, 0x00000000e0300000, 0x00000000e0300000|100%|HS|  |TAMS 0x00000000e0300000, 0x00000000e0200000| Complete 
|   3|0x00000000e0300000, 0x00000000e0400000, 0x00000000e0400000|100%|HC|  |TAMS 0x00000000e0400000, 0x00000000e0300000| Complete 
|   4|0x00000000e0400000, 0x00000000e0500000, 0x00000000e0500000|100%|HC|  |TAMS 0x00000000e0500000, 0x00000000e0400000| Complete 
|   5|0x00000000e0500000, 0x00000000e0600000, 0x00000000e0600000|100%|HC|  |TAMS 0x00000000e0600000, 0x00000000e0500000| Complete 
|   6|0x00000000e0600000, 0x00000000e0700000, 0x00000000e0700000|100%| O|  |TAMS 0x00000000e0700000, 0x00000000e0600000| Untracked 
|   7|0x00000000e0700000, 0x00000000e0800000, 0x00000000e0800000|100%| O|  |TAMS 0x00000000e0800000, 0x00000000e0700000| Untracked 
|   8|0x00000000e0800000, 0x00000000e0800000, 0x00000000e0900000|  0%| F|  |TAMS 0x00000000e0800000, 0x00000000e0800000| Untracked 
|   9|0x00000000e0900000, 0x00000000e0a00000, 0x00000000e0a00000|100%| O|  |TAMS 0x00000000e0a00000, 0x00000000e0900000| Untracked 
|  10|0x00000000e0a00000, 0x00000000e0b00000, 0x00000000e0b00000|100%| O|  |TAMS 0x00000000e0b00000, 0x00000000e0a00000| Untracked 
|  11|0x00000000e0b00000, 0x00000000e0c00000, 0x00000000e0c00000|100%| O|  |TAMS 0x00000000e0b4b400, 0x00000000e0b00000| Untracked 
|  12|0x00000000e0c00000, 0x00000000e0c00000, 0x00000000e0d00000|  0%| F|  |TAMS 0x00000000e0c00000, 0x00000000e0c00000| Untracked 
|  13|0x00000000e0d00000, 0x00000000e0d00000, 0x00000000e0e00000|  0%| F|  |TAMS 0x00000000e0d00000, 0x00000000e0d00000| Untracked 
|  14|0x00000000e0e00000, 0x00000000e0e00000, 0x00000000e0f00000|  0%| F|  |TAMS 0x00000000e0e00000, 0x00000000e0e00000| Untracked 
|  15|0x00000000e0f00000, 0x00000000e1000000, 0x00000000e1000000|100%| O|  |TAMS 0x00000000e0f00000, 0x00000000e0f00000| Untracked 
|  16|0x00000000e1000000, 0x00000000e1100000, 0x00000000e1100000|100%| O|  |TAMS 0x00000000e1000000, 0x00000000e1000000| Untracked 
|  17|0x00000000e1100000, 0x00000000e1200000, 0x00000000e1200000|100%| O|  |TAMS 0x00000000e1100000, 0x00000000e1100000| Untracked 
|  18|0x00000000e1200000, 0x00000000e1300000, 0x00000000e1300000|100%| O|  |TAMS 0x00000000e1200000, 0x00000000e1200000| Untracked 
|  19|0x00000000e1300000, 0x00000000e1400000, 0x00000000e1400000|100%| O|  |TAMS 0x00000000e1300000, 0x00000000e1300000| Untracked 
|  20|0x00000000e1400000, 0x00000000e1500000, 0x00000000e1500000|100%| O|  |TAMS 0x00000000e1400000, 0x00000000e1400000| Untracked 
|  21|0x00000000e1500000, 0x00000000e1600000, 0x00000000e1600000|100%| O|  |TAMS 0x00000000e1500000, 0x00000000e1500000| Untracked 
|  22|0x00000000e1600000, 0x00000000e1700000, 0x00000000e1700000|100%| O|  |TAMS 0x00000000e1600000, 0x00000000e1600000| Untracked 
|  23|0x00000000e1700000, 0x00000000e1800000, 0x00000000e1800000|100%| O|  |TAMS 0x00000000e1700000, 0x00000000e1700000| Untracked 
|  24|0x00000000e1800000, 0x00000000e1900000, 0x00000000e1900000|100%| O|  |TAMS 0x00000000e1800000, 0x00000000e1800000| Untracked 
|  25|0x00000000e1900000, 0x00000000e19b0000, 0x00000000e1a00000| 68%| O|  |TAMS 0x00000000e1900000, 0x00000000e1900000| Untracked 
|  26|0x00000000e1a00000, 0x00000000e1a00000, 0x00000000e1b00000|  0%| F|  |TAMS 0x00000000e1a00000, 0x00000000e1a00000| Untracked 
|  27|0x00000000e1b00000, 0x00000000e1b00000, 0x00000000e1c00000|  0%| F|  |TAMS 0x00000000e1b00000, 0x00000000e1b00000| Untracked 
|  28|0x00000000e1c00000, 0x00000000e1c00000, 0x00000000e1d00000|  0%| F|  |TAMS 0x00000000e1c00000, 0x00000000e1c00000| Untracked 
|  29|0x00000000e1d00000, 0x00000000e1d00000, 0x00000000e1e00000|  0%| F|  |TAMS 0x00000000e1d00000, 0x00000000e1d00000| Untracked 
|  30|0x00000000e1e00000, 0x00000000e1e00000, 0x00000000e1f00000|  0%| F|  |TAMS 0x00000000e1e00000, 0x00000000e1e00000| Untracked 
|  31|0x00000000e1f00000, 0x00000000e1f00000, 0x00000000e2000000|  0%| F|  |TAMS 0x00000000e1f00000, 0x00000000e1f00000| Untracked 
|  32|0x00000000e2000000, 0x00000000e2000000, 0x00000000e2100000|  0%| F|  |TAMS 0x00000000e2000000, 0x00000000e2000000| Untracked 
|  33|0x00000000e2100000, 0x00000000e2100000, 0x00000000e2200000|  0%| F|  |TAMS 0x00000000e2100000, 0x00000000e2100000| Untracked 
|  34|0x00000000e2200000, 0x00000000e2200000, 0x00000000e2300000|  0%| F|  |TAMS 0x00000000e2200000, 0x00000000e2200000| Untracked 
|  35|0x00000000e2300000, 0x00000000e2300000, 0x00000000e2400000|  0%| F|  |TAMS 0x00000000e2300000, 0x00000000e2300000| Untracked 
|  36|0x00000000e2400000, 0x00000000e2400000, 0x00000000e2500000|  0%| F|  |TAMS 0x00000000e2400000, 0x00000000e2400000| Untracked 
|  37|0x00000000e2500000, 0x00000000e2500000, 0x00000000e2600000|  0%| F|  |TAMS 0x00000000e2500000, 0x00000000e2500000| Untracked 
|  38|0x00000000e2600000, 0x00000000e2600000, 0x00000000e2700000|  0%| F|  |TAMS 0x00000000e2600000, 0x00000000e2600000| Untracked 
|  39|0x00000000e2700000, 0x00000000e2700000, 0x00000000e2800000|  0%| F|  |TAMS 0x00000000e2700000, 0x00000000e2700000| Untracked 
|  40|0x00000000e2800000, 0x00000000e2800000, 0x00000000e2900000|  0%| F|  |TAMS 0x00000000e2800000, 0x00000000e2800000| Untracked 
|  41|0x00000000e2900000, 0x00000000e2900000, 0x00000000e2a00000|  0%| F|  |TAMS 0x00000000e2900000, 0x00000000e2900000| Untracked 
|  42|0x00000000e2a00000, 0x00000000e2a00000, 0x00000000e2b00000|  0%| F|  |TAMS 0x00000000e2a00000, 0x00000000e2a00000| Untracked 
|  43|0x00000000e2b00000, 0x00000000e2b00000, 0x00000000e2c00000|  0%| F|  |TAMS 0x00000000e2b00000, 0x00000000e2b00000| Untracked 
|  44|0x00000000e2c00000, 0x00000000e2c00000, 0x00000000e2d00000|  0%| F|  |TAMS 0x00000000e2c00000, 0x00000000e2c00000| Untracked 
|  45|0x00000000e2d00000, 0x00000000e2d00000, 0x00000000e2e00000|  0%| F|  |TAMS 0x00000000e2d00000, 0x00000000e2d00000| Untracked 
|  46|0x00000000e2e00000, 0x00000000e2e00000, 0x00000000e2f00000|  0%| F|  |TAMS 0x00000000e2e00000, 0x00000000e2e00000| Untracked 
|  47|0x00000000e2f00000, 0x00000000e2f00000, 0x00000000e3000000|  0%| F|  |TAMS 0x00000000e2f00000, 0x00000000e2f00000| Untracked 
|  48|0x00000000e3000000, 0x00000000e3000000, 0x00000000e3100000|  0%| F|  |TAMS 0x00000000e3000000, 0x00000000e3000000| Untracked 
|  49|0x00000000e3100000, 0x00000000e3100000, 0x00000000e3200000|  0%| F|  |TAMS 0x00000000e3100000, 0x00000000e3100000| Untracked 
|  50|0x00000000e3200000, 0x00000000e3200000, 0x00000000e3300000|  0%| F|  |TAMS 0x00000000e3200000, 0x00000000e3200000| Untracked 
|  51|0x00000000e3300000, 0x00000000e3300000, 0x00000000e3400000|  0%| F|  |TAMS 0x00000000e3300000, 0x00000000e3300000| Untracked 
|  52|0x00000000e3400000, 0x00000000e3400000, 0x00000000e3500000|  0%| F|  |TAMS 0x00000000e3400000, 0x00000000e3400000| Untracked 
|  53|0x00000000e3500000, 0x00000000e3500000, 0x00000000e3600000|  0%| F|  |TAMS 0x00000000e3500000, 0x00000000e3500000| Untracked 
|  54|0x00000000e3600000, 0x00000000e3600000, 0x00000000e3700000|  0%| F|  |TAMS 0x00000000e3600000, 0x00000000e3600000| Untracked 
|  55|0x00000000e3700000, 0x00000000e3700000, 0x00000000e3800000|  0%| F|  |TAMS 0x00000000e3700000, 0x00000000e3700000| Untracked 
|  56|0x00000000e3800000, 0x00000000e3800000, 0x00000000e3900000|  0%| F|  |TAMS 0x00000000e3800000, 0x00000000e3800000| Untracked 
|  57|0x00000000e3900000, 0x00000000e3900000, 0x00000000e3a00000|  0%| F|  |TAMS 0x00000000e3900000, 0x00000000e3900000| Untracked 
|  58|0x00000000e3a00000, 0x00000000e3a00000, 0x00000000e3b00000|  0%| F|  |TAMS 0x00000000e3a00000, 0x00000000e3a00000| Untracked 
|  59|0x00000000e3b00000, 0x00000000e3b00000, 0x00000000e3c00000|  0%| F|  |TAMS 0x00000000e3b00000, 0x00000000e3b00000| Untracked 
|  60|0x00000000e3c00000, 0x00000000e3c00000, 0x00000000e3d00000|  0%| F|  |TAMS 0x00000000e3c00000, 0x00000000e3c00000| Untracked 
|  61|0x00000000e3d00000, 0x00000000e3d00000, 0x00000000e3e00000|  0%| F|  |TAMS 0x00000000e3d00000, 0x00000000e3d00000| Untracked 
|  62|0x00000000e3e00000, 0x00000000e3e00000, 0x00000000e3f00000|  0%| F|  |TAMS 0x00000000e3e00000, 0x00000000e3e00000| Untracked 
|  63|0x00000000e3f00000, 0x00000000e3f00000, 0x00000000e4000000|  0%| F|  |TAMS 0x00000000e3f00000, 0x00000000e3f00000| Untracked 
|  64|0x00000000e4000000, 0x00000000e4000000, 0x00000000e4100000|  0%| F|  |TAMS 0x00000000e4000000, 0x00000000e4000000| Untracked 
|  65|0x00000000e4100000, 0x00000000e4100000, 0x00000000e4200000|  0%| F|  |TAMS 0x00000000e4100000, 0x00000000e4100000| Untracked 
|  66|0x00000000e4200000, 0x00000000e4200000, 0x00000000e4300000|  0%| F|  |TAMS 0x00000000e4200000, 0x00000000e4200000| Untracked 
|  67|0x00000000e4300000, 0x00000000e4300000, 0x00000000e4400000|  0%| F|  |TAMS 0x00000000e4300000, 0x00000000e4300000| Untracked 
|  68|0x00000000e4400000, 0x00000000e4400000, 0x00000000e4500000|  0%| F|  |TAMS 0x00000000e4400000, 0x00000000e4400000| Untracked 
|  69|0x00000000e4500000, 0x00000000e4500000, 0x00000000e4600000|  0%| F|  |TAMS 0x00000000e4500000, 0x00000000e4500000| Untracked 
|  70|0x00000000e4600000, 0x00000000e4600000, 0x00000000e4700000|  0%| F|  |TAMS 0x00000000e4600000, 0x00000000e4600000| Untracked 
|  71|0x00000000e4700000, 0x00000000e4700000, 0x00000000e4800000|  0%| F|  |TAMS 0x00000000e4700000, 0x00000000e4700000| Untracked 
|  72|0x00000000e4800000, 0x00000000e4800000, 0x00000000e4900000|  0%| F|  |TAMS 0x00000000e4800000, 0x00000000e4800000| Untracked 
|  73|0x00000000e4900000, 0x00000000e4900000, 0x00000000e4a00000|  0%| F|  |TAMS 0x00000000e4900000, 0x00000000e4900000| Untracked 
|  74|0x00000000e4a00000, 0x00000000e4a00000, 0x00000000e4b00000|  0%| F|  |TAMS 0x00000000e4a00000, 0x00000000e4a00000| Untracked 
|  75|0x00000000e4b00000, 0x00000000e4b00000, 0x00000000e4c00000|  0%| F|  |TAMS 0x00000000e4b00000, 0x00000000e4b00000| Untracked 
|  76|0x00000000e4c00000, 0x00000000e4c00000, 0x00000000e4d00000|  0%| F|  |TAMS 0x00000000e4c00000, 0x00000000e4c00000| Untracked 
|  77|0x00000000e4d00000, 0x00000000e4d00000, 0x00000000e4e00000|  0%| F|  |TAMS 0x00000000e4d00000, 0x00000000e4d00000| Untracked 
|  78|0x00000000e4e00000, 0x00000000e4e00000, 0x00000000e4f00000|  0%| F|  |TAMS 0x00000000e4e00000, 0x00000000e4e00000| Untracked 
|  79|0x00000000e4f00000, 0x00000000e4f00000, 0x00000000e5000000|  0%| F|  |TAMS 0x00000000e4f00000, 0x00000000e4f00000| Untracked 
|  80|0x00000000e5000000, 0x00000000e5000000, 0x00000000e5100000|  0%| F|  |TAMS 0x00000000e5000000, 0x00000000e5000000| Untracked 
|  81|0x00000000e5100000, 0x00000000e5100000, 0x00000000e5200000|  0%| F|  |TAMS 0x00000000e5100000, 0x00000000e5100000| Untracked 
|  82|0x00000000e5200000, 0x00000000e5200000, 0x00000000e5300000|  0%| F|  |TAMS 0x00000000e5200000, 0x00000000e5200000| Untracked 
|  83|0x00000000e5300000, 0x00000000e5300000, 0x00000000e5400000|  0%| F|  |TAMS 0x00000000e5300000, 0x00000000e5300000| Untracked 
|  84|0x00000000e5400000, 0x00000000e5400000, 0x00000000e5500000|  0%| F|  |TAMS 0x00000000e5400000, 0x00000000e5400000| Untracked 
|  85|0x00000000e5500000, 0x00000000e5500000, 0x00000000e5600000|  0%| F|  |TAMS 0x00000000e5500000, 0x00000000e5500000| Untracked 
|  86|0x00000000e5600000, 0x00000000e5680000, 0x00000000e5700000| 50%| S|CS|TAMS 0x00000000e5600000, 0x00000000e5600000| Complete 
|  87|0x00000000e5700000, 0x00000000e5800000, 0x00000000e5800000|100%| S|CS|TAMS 0x00000000e5700000, 0x00000000e5700000| Complete 
|  88|0x00000000e5800000, 0x00000000e5900000, 0x00000000e5900000|100%| S|CS|TAMS 0x00000000e5800000, 0x00000000e5800000| Complete 
|  89|0x00000000e5900000, 0x00000000e5a00000, 0x00000000e5a00000|100%| S|CS|TAMS 0x00000000e5900000, 0x00000000e5900000| Complete 
|  90|0x00000000e5a00000, 0x00000000e5b00000, 0x00000000e5b00000|100%| S|CS|TAMS 0x00000000e5a00000, 0x00000000e5a00000| Complete 
|  91|0x00000000e5b00000, 0x00000000e5c00000, 0x00000000e5c00000|100%| S|CS|TAMS 0x00000000e5b00000, 0x00000000e5b00000| Complete 
|  92|0x00000000e5c00000, 0x00000000e5d00000, 0x00000000e5d00000|100%| S|CS|TAMS 0x00000000e5c00000, 0x00000000e5c00000| Complete 
|  93|0x00000000e5d00000, 0x00000000e5e00000, 0x00000000e5e00000|100%| S|CS|TAMS 0x00000000e5d00000, 0x00000000e5d00000| Complete 
|  94|0x00000000e5e00000, 0x00000000e5f00000, 0x00000000e5f00000|100%| S|CS|TAMS 0x00000000e5e00000, 0x00000000e5e00000| Complete 
|  95|0x00000000e5f00000, 0x00000000e6000000, 0x00000000e6000000|100%| S|CS|TAMS 0x00000000e5f00000, 0x00000000e5f00000| Complete 
|  96|0x00000000e6000000, 0x00000000e6100000, 0x00000000e6100000|100%| S|CS|TAMS 0x00000000e6000000, 0x00000000e6000000| Complete 
|  97|0x00000000e6100000, 0x00000000e6200000, 0x00000000e6200000|100%| S|CS|TAMS 0x00000000e6100000, 0x00000000e6100000| Complete 
|  98|0x00000000e6200000, 0x00000000e6300000, 0x00000000e6300000|100%| S|CS|TAMS 0x00000000e6200000, 0x00000000e6200000| Complete 
|  99|0x00000000e6300000, 0x00000000e6400000, 0x00000000e6400000|100%| S|CS|TAMS 0x00000000e6300000, 0x00000000e6300000| Complete 
| 100|0x00000000e6400000, 0x00000000e6500000, 0x00000000e6500000|100%| S|CS|TAMS 0x00000000e6400000, 0x00000000e6400000| Complete 
| 101|0x00000000e6500000, 0x00000000e6600000, 0x00000000e6600000|100%| S|CS|TAMS 0x00000000e6500000, 0x00000000e6500000| Complete 
| 102|0x00000000e6600000, 0x00000000e6700000, 0x00000000e6700000|100%| S|CS|TAMS 0x00000000e6600000, 0x00000000e6600000| Complete 
| 103|0x00000000e6700000, 0x00000000e6700000, 0x00000000e6800000|  0%| F|  |TAMS 0x00000000e6700000, 0x00000000e6700000| Untracked 
| 104|0x00000000e6800000, 0x00000000e6800000, 0x00000000e6900000|  0%| F|  |TAMS 0x00000000e6800000, 0x00000000e6800000| Untracked 
| 105|0x00000000e6900000, 0x00000000e6900000, 0x00000000e6a00000|  0%| F|  |TAMS 0x00000000e6900000, 0x00000000e6900000| Untracked 
| 106|0x00000000e6a00000, 0x00000000e6a00000, 0x00000000e6b00000|  0%| F|  |TAMS 0x00000000e6a00000, 0x00000000e6a00000| Untracked 
| 107|0x00000000e6b00000, 0x00000000e6b00000, 0x00000000e6c00000|  0%| F|  |TAMS 0x00000000e6b00000, 0x00000000e6b00000| Untracked 
| 108|0x00000000e6c00000, 0x00000000e6c00000, 0x00000000e6d00000|  0%| F|  |TAMS 0x00000000e6c00000, 0x00000000e6c00000| Untracked 
| 109|0x00000000e6d00000, 0x00000000e6d00000, 0x00000000e6e00000|  0%| F|  |TAMS 0x00000000e6d00000, 0x00000000e6d00000| Untracked 
| 110|0x00000000e6e00000, 0x00000000e6e00000, 0x00000000e6f00000|  0%| F|  |TAMS 0x00000000e6e00000, 0x00000000e6e00000| Untracked 
| 111|0x00000000e6f00000, 0x00000000e6f00000, 0x00000000e7000000|  0%| F|  |TAMS 0x00000000e6f00000, 0x00000000e6f00000| Untracked 
| 112|0x00000000e7000000, 0x00000000e7000000, 0x00000000e7100000|  0%| F|  |TAMS 0x00000000e7000000, 0x00000000e7000000| Untracked 
| 113|0x00000000e7100000, 0x00000000e7100000, 0x00000000e7200000|  0%| F|  |TAMS 0x00000000e7100000, 0x00000000e7100000| Untracked 
| 114|0x00000000e7200000, 0x00000000e7200000, 0x00000000e7300000|  0%| F|  |TAMS 0x00000000e7200000, 0x00000000e7200000| Untracked 
| 115|0x00000000e7300000, 0x00000000e7300000, 0x00000000e7400000|  0%| F|  |TAMS 0x00000000e7300000, 0x00000000e7300000| Untracked 
| 116|0x00000000e7400000, 0x00000000e7400000, 0x00000000e7500000|  0%| F|  |TAMS 0x00000000e7400000, 0x00000000e7400000| Untracked 
| 117|0x00000000e7500000, 0x00000000e7500000, 0x00000000e7600000|  0%| F|  |TAMS 0x00000000e7500000, 0x00000000e7500000| Untracked 
| 118|0x00000000e7600000, 0x00000000e7600000, 0x00000000e7700000|  0%| F|  |TAMS 0x00000000e7600000, 0x00000000e7600000| Untracked 
| 119|0x00000000e7700000, 0x00000000e7700000, 0x00000000e7800000|  0%| F|  |TAMS 0x00000000e7700000, 0x00000000e7700000| Untracked 
| 120|0x00000000e7800000, 0x00000000e7800000, 0x00000000e7900000|  0%| F|  |TAMS 0x00000000e7800000, 0x00000000e7800000| Untracked 
| 121|0x00000000e7900000, 0x00000000e7900000, 0x00000000e7a00000|  0%| F|  |TAMS 0x00000000e7900000, 0x00000000e7900000| Untracked 
| 122|0x00000000e7a00000, 0x00000000e7a00000, 0x00000000e7b00000|  0%| F|  |TAMS 0x00000000e7a00000, 0x00000000e7a00000| Untracked 
| 123|0x00000000e7b00000, 0x00000000e7b00000, 0x00000000e7c00000|  0%| F|  |TAMS 0x00000000e7b00000, 0x00000000e7b00000| Untracked 
| 124|0x00000000e7c00000, 0x00000000e7c00000, 0x00000000e7d00000|  0%| F|  |TAMS 0x00000000e7c00000, 0x00000000e7c00000| Untracked 
| 125|0x00000000e7d00000, 0x00000000e7d00000, 0x00000000e7e00000|  0%| F|  |TAMS 0x00000000e7d00000, 0x00000000e7d00000| Untracked 
| 126|0x00000000e7e00000, 0x00000000e7e00000, 0x00000000e7f00000|  0%| F|  |TAMS 0x00000000e7e00000, 0x00000000e7e00000| Untracked 
| 127|0x00000000e7f00000, 0x00000000e7f00000, 0x00000000e8000000|  0%| F|  |TAMS 0x00000000e7f00000, 0x00000000e7f00000| Untracked 
| 128|0x00000000e8000000, 0x00000000e8000000, 0x00000000e8100000|  0%| F|  |TAMS 0x00000000e8000000, 0x00000000e8000000| Untracked 
| 129|0x00000000e8100000, 0x00000000e8100000, 0x00000000e8200000|  0%| F|  |TAMS 0x00000000e8100000, 0x00000000e8100000| Untracked 
| 130|0x00000000e8200000, 0x00000000e8200000, 0x00000000e8300000|  0%| F|  |TAMS 0x00000000e8200000, 0x00000000e8200000| Untracked 
| 131|0x00000000e8300000, 0x00000000e8300000, 0x00000000e8400000|  0%| F|  |TAMS 0x00000000e8300000, 0x00000000e8300000| Untracked 
| 132|0x00000000e8400000, 0x00000000e8400000, 0x00000000e8500000|  0%| F|  |TAMS 0x00000000e8400000, 0x00000000e8400000| Untracked 
| 133|0x00000000e8500000, 0x00000000e8500000, 0x00000000e8600000|  0%| F|  |TAMS 0x00000000e8500000, 0x00000000e8500000| Untracked 
| 134|0x00000000e8600000, 0x00000000e8600000, 0x00000000e8700000|  0%| F|  |TAMS 0x00000000e8600000, 0x00000000e8600000| Untracked 
| 135|0x00000000e8700000, 0x00000000e8700000, 0x00000000e8800000|  0%| F|  |TAMS 0x00000000e8700000, 0x00000000e8700000| Untracked 
| 136|0x00000000e8800000, 0x00000000e8800000, 0x00000000e8900000|  0%| F|  |TAMS 0x00000000e8800000, 0x00000000e8800000| Untracked 
| 137|0x00000000e8900000, 0x00000000e8900000, 0x00000000e8a00000|  0%| F|  |TAMS 0x00000000e8900000, 0x00000000e8900000| Untracked 
| 138|0x00000000e8a00000, 0x00000000e8a00000, 0x00000000e8b00000|  0%| F|  |TAMS 0x00000000e8a00000, 0x00000000e8a00000| Untracked 
| 139|0x00000000e8b00000, 0x00000000e8b00000, 0x00000000e8c00000|  0%| F|  |TAMS 0x00000000e8b00000, 0x00000000e8b00000| Untracked 
| 140|0x00000000e8c00000, 0x00000000e8c00000, 0x00000000e8d00000|  0%| F|  |TAMS 0x00000000e8c00000, 0x00000000e8c00000| Untracked 
| 141|0x00000000e8d00000, 0x00000000e8d00000, 0x00000000e8e00000|  0%| F|  |TAMS 0x00000000e8d00000, 0x00000000e8d00000| Untracked 
| 142|0x00000000e8e00000, 0x00000000e8e00000, 0x00000000e8f00000|  0%| F|  |TAMS 0x00000000e8e00000, 0x00000000e8e00000| Untracked 
| 143|0x00000000e8f00000, 0x00000000e8f00000, 0x00000000e9000000|  0%| F|  |TAMS 0x00000000e8f00000, 0x00000000e8f00000| Untracked 
| 144|0x00000000e9000000, 0x00000000e9000000, 0x00000000e9100000|  0%| F|  |TAMS 0x00000000e9000000, 0x00000000e9000000| Untracked 
| 145|0x00000000e9100000, 0x00000000e9100000, 0x00000000e9200000|  0%| F|  |TAMS 0x00000000e9100000, 0x00000000e9100000| Untracked 
| 146|0x00000000e9200000, 0x00000000e9200000, 0x00000000e9300000|  0%| F|  |TAMS 0x00000000e9200000, 0x00000000e9200000| Untracked 
| 147|0x00000000e9300000, 0x00000000e9300000, 0x00000000e9400000|  0%| F|  |TAMS 0x00000000e9300000, 0x00000000e9300000| Untracked 
| 148|0x00000000e9400000, 0x00000000e9400000, 0x00000000e9500000|  0%| F|  |TAMS 0x00000000e9400000, 0x00000000e9400000| Untracked 
| 149|0x00000000e9500000, 0x00000000e9500000, 0x00000000e9600000|  0%| F|  |TAMS 0x00000000e9500000, 0x00000000e9500000| Untracked 
| 150|0x00000000e9600000, 0x00000000e9600000, 0x00000000e9700000|  0%| F|  |TAMS 0x00000000e9600000, 0x00000000e9600000| Untracked 
| 151|0x00000000e9700000, 0x00000000e9700000, 0x00000000e9800000|  0%| F|  |TAMS 0x00000000e9700000, 0x00000000e9700000| Untracked 
| 152|0x00000000e9800000, 0x00000000e9800000, 0x00000000e9900000|  0%| F|  |TAMS 0x00000000e9800000, 0x00000000e9800000| Untracked 
| 153|0x00000000e9900000, 0x00000000e9900000, 0x00000000e9a00000|  0%| F|  |TAMS 0x00000000e9900000, 0x00000000e9900000| Untracked 
| 154|0x00000000e9a00000, 0x00000000e9a00000, 0x00000000e9b00000|  0%| F|  |TAMS 0x00000000e9a00000, 0x00000000e9a00000| Untracked 
| 155|0x00000000e9b00000, 0x00000000e9b00000, 0x00000000e9c00000|  0%| F|  |TAMS 0x00000000e9b00000, 0x00000000e9b00000| Untracked 
| 156|0x00000000e9c00000, 0x00000000e9c00000, 0x00000000e9d00000|  0%| F|  |TAMS 0x00000000e9c00000, 0x00000000e9c00000| Untracked 
| 157|0x00000000e9d00000, 0x00000000e9d00000, 0x00000000e9e00000|  0%| F|  |TAMS 0x00000000e9d00000, 0x00000000e9d00000| Untracked 
| 158|0x00000000e9e00000, 0x00000000e9e00000, 0x00000000e9f00000|  0%| F|  |TAMS 0x00000000e9e00000, 0x00000000e9e00000| Untracked 
| 159|0x00000000e9f00000, 0x00000000e9f00000, 0x00000000ea000000|  0%| F|  |TAMS 0x00000000e9f00000, 0x00000000e9f00000| Untracked 
| 160|0x00000000ea000000, 0x00000000ea000000, 0x00000000ea100000|  0%| F|  |TAMS 0x00000000ea000000, 0x00000000ea000000| Untracked 
| 161|0x00000000ea100000, 0x00000000ea100000, 0x00000000ea200000|  0%| F|  |TAMS 0x00000000ea100000, 0x00000000ea100000| Untracked 
| 162|0x00000000ea200000, 0x00000000ea200000, 0x00000000ea300000|  0%| F|  |TAMS 0x00000000ea200000, 0x00000000ea200000| Untracked 
| 163|0x00000000ea300000, 0x00000000ea300000, 0x00000000ea400000|  0%| F|  |TAMS 0x00000000ea300000, 0x00000000ea300000| Untracked 
| 164|0x00000000ea400000, 0x00000000ea400000, 0x00000000ea500000|  0%| F|  |TAMS 0x00000000ea400000, 0x00000000ea400000| Untracked 
| 165|0x00000000ea500000, 0x00000000ea500000, 0x00000000ea600000|  0%| F|  |TAMS 0x00000000ea500000, 0x00000000ea500000| Untracked 
| 166|0x00000000ea600000, 0x00000000ea600000, 0x00000000ea700000|  0%| F|  |TAMS 0x00000000ea600000, 0x00000000ea600000| Untracked 
| 167|0x00000000ea700000, 0x00000000ea700000, 0x00000000ea800000|  0%| F|  |TAMS 0x00000000ea700000, 0x00000000ea700000| Untracked 
| 168|0x00000000ea800000, 0x00000000ea800000, 0x00000000ea900000|  0%| F|  |TAMS 0x00000000ea800000, 0x00000000ea800000| Untracked 
| 169|0x00000000ea900000, 0x00000000ea900000, 0x00000000eaa00000|  0%| F|  |TAMS 0x00000000ea900000, 0x00000000ea900000| Untracked 
| 170|0x00000000eaa00000, 0x00000000eaa00000, 0x00000000eab00000|  0%| F|  |TAMS 0x00000000eaa00000, 0x00000000eaa00000| Untracked 
| 171|0x00000000eab00000, 0x00000000eab00000, 0x00000000eac00000|  0%| F|  |TAMS 0x00000000eab00000, 0x00000000eab00000| Untracked 
| 172|0x00000000eac00000, 0x00000000eac00000, 0x00000000ead00000|  0%| F|  |TAMS 0x00000000eac00000, 0x00000000eac00000| Untracked 
| 173|0x00000000ead00000, 0x00000000ead00000, 0x00000000eae00000|  0%| F|  |TAMS 0x00000000ead00000, 0x00000000ead00000| Untracked 
| 174|0x00000000eae00000, 0x00000000eae00000, 0x00000000eaf00000|  0%| F|  |TAMS 0x00000000eae00000, 0x00000000eae00000| Untracked 
| 175|0x00000000eaf00000, 0x00000000eaf00000, 0x00000000eb000000|  0%| F|  |TAMS 0x00000000eaf00000, 0x00000000eaf00000| Untracked 
| 176|0x00000000eb000000, 0x00000000eb000000, 0x00000000eb100000|  0%| F|  |TAMS 0x00000000eb000000, 0x00000000eb000000| Untracked 
| 177|0x00000000eb100000, 0x00000000eb100000, 0x00000000eb200000|  0%| F|  |TAMS 0x00000000eb100000, 0x00000000eb100000| Untracked 
| 178|0x00000000eb200000, 0x00000000eb200000, 0x00000000eb300000|  0%| F|  |TAMS 0x00000000eb200000, 0x00000000eb200000| Untracked 
| 179|0x00000000eb300000, 0x00000000eb300000, 0x00000000eb400000|  0%| F|  |TAMS 0x00000000eb300000, 0x00000000eb300000| Untracked 
| 180|0x00000000eb400000, 0x00000000eb400000, 0x00000000eb500000|  0%| F|  |TAMS 0x00000000eb400000, 0x00000000eb400000| Untracked 
| 181|0x00000000eb500000, 0x00000000eb500000, 0x00000000eb600000|  0%| F|  |TAMS 0x00000000eb500000, 0x00000000eb500000| Untracked 
| 182|0x00000000eb600000, 0x00000000eb600000, 0x00000000eb700000|  0%| F|  |TAMS 0x00000000eb600000, 0x00000000eb600000| Untracked 
| 183|0x00000000eb700000, 0x00000000eb700000, 0x00000000eb800000|  0%| F|  |TAMS 0x00000000eb700000, 0x00000000eb700000| Untracked 
| 184|0x00000000eb800000, 0x00000000eb800000, 0x00000000eb900000|  0%| F|  |TAMS 0x00000000eb800000, 0x00000000eb800000| Untracked 
| 185|0x00000000eb900000, 0x00000000eb900000, 0x00000000eba00000|  0%| F|  |TAMS 0x00000000eb900000, 0x00000000eb900000| Untracked 
| 186|0x00000000eba00000, 0x00000000eba00000, 0x00000000ebb00000|  0%| F|  |TAMS 0x00000000eba00000, 0x00000000eba00000| Untracked 
| 187|0x00000000ebb00000, 0x00000000ebb00000, 0x00000000ebc00000|  0%| F|  |TAMS 0x00000000ebb00000, 0x00000000ebb00000| Untracked 
| 188|0x00000000ebc00000, 0x00000000ebc00000, 0x00000000ebd00000|  0%| F|  |TAMS 0x00000000ebc00000, 0x00000000ebc00000| Untracked 
| 189|0x00000000ebd00000, 0x00000000ebd00000, 0x00000000ebe00000|  0%| F|  |TAMS 0x00000000ebd00000, 0x00000000ebd00000| Untracked 
| 190|0x00000000ebe00000, 0x00000000ebe00000, 0x00000000ebf00000|  0%| F|  |TAMS 0x00000000ebe00000, 0x00000000ebe00000| Untracked 
| 191|0x00000000ebf00000, 0x00000000ebf00000, 0x00000000ec000000|  0%| F|  |TAMS 0x00000000ebf00000, 0x00000000ebf00000| Untracked 
| 192|0x00000000ec000000, 0x00000000ec000000, 0x00000000ec100000|  0%| F|  |TAMS 0x00000000ec000000, 0x00000000ec000000| Untracked 
| 193|0x00000000ec100000, 0x00000000ec100000, 0x00000000ec200000|  0%| F|  |TAMS 0x00000000ec100000, 0x00000000ec100000| Untracked 
| 194|0x00000000ec200000, 0x00000000ec200000, 0x00000000ec300000|  0%| F|  |TAMS 0x00000000ec200000, 0x00000000ec200000| Untracked 
| 195|0x00000000ec300000, 0x00000000ec300000, 0x00000000ec400000|  0%| F|  |TAMS 0x00000000ec300000, 0x00000000ec300000| Untracked 
| 196|0x00000000ec400000, 0x00000000ec400000, 0x00000000ec500000|  0%| F|  |TAMS 0x00000000ec400000, 0x00000000ec400000| Untracked 
| 197|0x00000000ec500000, 0x00000000ec500000, 0x00000000ec600000|  0%| F|  |TAMS 0x00000000ec500000, 0x00000000ec500000| Untracked 
| 198|0x00000000ec600000, 0x00000000ec600000, 0x00000000ec700000|  0%| F|  |TAMS 0x00000000ec600000, 0x00000000ec600000| Untracked 
| 199|0x00000000ec700000, 0x00000000ec700000, 0x00000000ec800000|  0%| F|  |TAMS 0x00000000ec700000, 0x00000000ec700000| Untracked 
| 200|0x00000000ec800000, 0x00000000ec800000, 0x00000000ec900000|  0%| F|  |TAMS 0x00000000ec800000, 0x00000000ec800000| Untracked 
| 201|0x00000000ec900000, 0x00000000ec900000, 0x00000000eca00000|  0%| F|  |TAMS 0x00000000ec900000, 0x00000000ec900000| Untracked 
| 202|0x00000000eca00000, 0x00000000eca00000, 0x00000000ecb00000|  0%| F|  |TAMS 0x00000000eca00000, 0x00000000eca00000| Untracked 
| 203|0x00000000ecb00000, 0x00000000ecb00000, 0x00000000ecc00000|  0%| F|  |TAMS 0x00000000ecb00000, 0x00000000ecb00000| Untracked 
| 204|0x00000000ecc00000, 0x00000000ecc00000, 0x00000000ecd00000|  0%| F|  |TAMS 0x00000000ecc00000, 0x00000000ecc00000| Untracked 
| 205|0x00000000ecd00000, 0x00000000ecd00000, 0x00000000ece00000|  0%| F|  |TAMS 0x00000000ecd00000, 0x00000000ecd00000| Untracked 
| 206|0x00000000ece00000, 0x00000000ece00000, 0x00000000ecf00000|  0%| F|  |TAMS 0x00000000ece00000, 0x00000000ece00000| Untracked 
| 207|0x00000000ecf00000, 0x00000000ecf00000, 0x00000000ed000000|  0%| F|  |TAMS 0x00000000ecf00000, 0x00000000ecf00000| Untracked 
| 208|0x00000000ed000000, 0x00000000ed000000, 0x00000000ed100000|  0%| F|  |TAMS 0x00000000ed000000, 0x00000000ed000000| Untracked 
| 209|0x00000000ed100000, 0x00000000ed100000, 0x00000000ed200000|  0%| F|  |TAMS 0x00000000ed100000, 0x00000000ed100000| Untracked 
| 210|0x00000000ed200000, 0x00000000ed200000, 0x00000000ed300000|  0%| F|  |TAMS 0x00000000ed200000, 0x00000000ed200000| Untracked 
| 211|0x00000000ed300000, 0x00000000ed300000, 0x00000000ed400000|  0%| F|  |TAMS 0x00000000ed300000, 0x00000000ed300000| Untracked 
| 212|0x00000000ed400000, 0x00000000ed400000, 0x00000000ed500000|  0%| F|  |TAMS 0x00000000ed400000, 0x00000000ed400000| Untracked 
| 213|0x00000000ed500000, 0x00000000ed5b8fa8, 0x00000000ed600000| 72%| E|  |TAMS 0x00000000ed500000, 0x00000000ed500000| Complete 
| 214|0x00000000ed600000, 0x00000000ed700000, 0x00000000ed700000|100%| E|CS|TAMS 0x00000000ed600000, 0x00000000ed600000| Complete 
| 215|0x00000000ed700000, 0x00000000ed800000, 0x00000000ed800000|100%| E|CS|TAMS 0x00000000ed700000, 0x00000000ed700000| Complete 
| 216|0x00000000ed800000, 0x00000000ed900000, 0x00000000ed900000|100%| E|CS|TAMS 0x00000000ed800000, 0x00000000ed800000| Complete 
| 217|0x00000000ed900000, 0x00000000eda00000, 0x00000000eda00000|100%| E|CS|TAMS 0x00000000ed900000, 0x00000000ed900000| Complete 
| 218|0x00000000eda00000, 0x00000000edb00000, 0x00000000edb00000|100%| E|CS|TAMS 0x00000000eda00000, 0x00000000eda00000| Complete 
| 219|0x00000000edb00000, 0x00000000edc00000, 0x00000000edc00000|100%| E|CS|TAMS 0x00000000edb00000, 0x00000000edb00000| Complete 
| 220|0x00000000edc00000, 0x00000000edd00000, 0x00000000edd00000|100%| E|CS|TAMS 0x00000000edc00000, 0x00000000edc00000| Complete 
| 221|0x00000000edd00000, 0x00000000ede00000, 0x00000000ede00000|100%| E|CS|TAMS 0x00000000edd00000, 0x00000000edd00000| Complete 
| 222|0x00000000ede00000, 0x00000000edf00000, 0x00000000edf00000|100%| E|CS|TAMS 0x00000000ede00000, 0x00000000ede00000| Complete 
| 223|0x00000000edf00000, 0x00000000ee000000, 0x00000000ee000000|100%| E|CS|TAMS 0x00000000edf00000, 0x00000000edf00000| Complete 
| 224|0x00000000ee000000, 0x00000000ee100000, 0x00000000ee100000|100%| E|CS|TAMS 0x00000000ee000000, 0x00000000ee000000| Complete 
| 225|0x00000000ee100000, 0x00000000ee200000, 0x00000000ee200000|100%| E|CS|TAMS 0x00000000ee100000, 0x00000000ee100000| Complete 
| 226|0x00000000ee200000, 0x00000000ee300000, 0x00000000ee300000|100%| E|CS|TAMS 0x00000000ee200000, 0x00000000ee200000| Complete 
| 227|0x00000000ee300000, 0x00000000ee400000, 0x00000000ee400000|100%| E|CS|TAMS 0x00000000ee300000, 0x00000000ee300000| Complete 
| 228|0x00000000ee400000, 0x00000000ee500000, 0x00000000ee500000|100%| E|CS|TAMS 0x00000000ee400000, 0x00000000ee400000| Complete 
| 229|0x00000000ee500000, 0x00000000ee600000, 0x00000000ee600000|100%| E|CS|TAMS 0x00000000ee500000, 0x00000000ee500000| Complete 
| 230|0x00000000ee600000, 0x00000000ee700000, 0x00000000ee700000|100%| E|CS|TAMS 0x00000000ee600000, 0x00000000ee600000| Complete 
| 231|0x00000000ee700000, 0x00000000ee800000, 0x00000000ee800000|100%| E|CS|TAMS 0x00000000ee700000, 0x00000000ee700000| Complete 
| 232|0x00000000ee800000, 0x00000000ee900000, 0x00000000ee900000|100%| E|CS|TAMS 0x00000000ee800000, 0x00000000ee800000| Complete 
| 233|0x00000000ee900000, 0x00000000eea00000, 0x00000000eea00000|100%| E|CS|TAMS 0x00000000ee900000, 0x00000000ee900000| Complete 
| 234|0x00000000eea00000, 0x00000000eeb00000, 0x00000000eeb00000|100%| E|CS|TAMS 0x00000000eea00000, 0x00000000eea00000| Complete 
| 235|0x00000000eeb00000, 0x00000000eec00000, 0x00000000eec00000|100%| E|CS|TAMS 0x00000000eeb00000, 0x00000000eeb00000| Complete 
| 236|0x00000000eec00000, 0x00000000eed00000, 0x00000000eed00000|100%| E|CS|TAMS 0x00000000eec00000, 0x00000000eec00000| Complete 
| 237|0x00000000eed00000, 0x00000000eee00000, 0x00000000eee00000|100%| E|CS|TAMS 0x00000000eed00000, 0x00000000eed00000| Complete 
| 238|0x00000000eee00000, 0x00000000eef00000, 0x00000000eef00000|100%| E|CS|TAMS 0x00000000eee00000, 0x00000000eee00000| Complete 
| 239|0x00000000eef00000, 0x00000000ef000000, 0x00000000ef000000|100%| E|CS|TAMS 0x00000000eef00000, 0x00000000eef00000| Complete 
| 240|0x00000000ef000000, 0x00000000ef100000, 0x00000000ef100000|100%| E|CS|TAMS 0x00000000ef000000, 0x00000000ef000000| Complete 
| 241|0x00000000ef100000, 0x00000000ef200000, 0x00000000ef200000|100%| E|CS|TAMS 0x00000000ef100000, 0x00000000ef100000| Complete 
| 242|0x00000000ef200000, 0x00000000ef300000, 0x00000000ef300000|100%| E|CS|TAMS 0x00000000ef200000, 0x00000000ef200000| Complete 
| 243|0x00000000ef300000, 0x00000000ef400000, 0x00000000ef400000|100%| E|CS|TAMS 0x00000000ef300000, 0x00000000ef300000| Complete 
| 244|0x00000000ef400000, 0x00000000ef500000, 0x00000000ef500000|100%| E|CS|TAMS 0x00000000ef400000, 0x00000000ef400000| Complete 
| 245|0x00000000ef500000, 0x00000000ef600000, 0x00000000ef600000|100%| E|CS|TAMS 0x00000000ef500000, 0x00000000ef500000| Complete 
| 246|0x00000000ef600000, 0x00000000ef700000, 0x00000000ef700000|100%| E|CS|TAMS 0x00000000ef600000, 0x00000000ef600000| Complete 
| 247|0x00000000ef700000, 0x00000000ef800000, 0x00000000ef800000|100%| E|CS|TAMS 0x00000000ef700000, 0x00000000ef700000| Complete 
| 248|0x00000000ef800000, 0x00000000ef900000, 0x00000000ef900000|100%| E|CS|TAMS 0x00000000ef800000, 0x00000000ef800000| Complete 
| 249|0x00000000ef900000, 0x00000000efa00000, 0x00000000efa00000|100%| E|CS|TAMS 0x00000000ef900000, 0x00000000ef900000| Complete 
| 250|0x00000000efa00000, 0x00000000efb00000, 0x00000000efb00000|100%| E|CS|TAMS 0x00000000efa00000, 0x00000000efa00000| Complete 
| 251|0x00000000efb00000, 0x00000000efc00000, 0x00000000efc00000|100%| E|CS|TAMS 0x00000000efb00000, 0x00000000efb00000| Complete 
| 252|0x00000000efc00000, 0x00000000efd00000, 0x00000000efd00000|100%| E|CS|TAMS 0x00000000efc00000, 0x00000000efc00000| Complete 
| 253|0x00000000efd00000, 0x00000000efe00000, 0x00000000efe00000|100%| E|CS|TAMS 0x00000000efd00000, 0x00000000efd00000| Complete 
| 254|0x00000000efe00000, 0x00000000eff00000, 0x00000000eff00000|100%| E|CS|TAMS 0x00000000efe00000, 0x00000000efe00000| Complete 
| 255|0x00000000eff00000, 0x00000000f0000000, 0x00000000f0000000|100%| E|CS|TAMS 0x00000000eff00000, 0x00000000eff00000| Complete 

Card table byte_map: [0x000001ff7ded0000,0x000001ff7dfd0000] _byte_map_base: 0x000001ff7d7d0000

Marking Bits (Prev, Next): (CMBitMap*) 0x000001ff75fa4010, (CMBitMap*) 0x000001ff75fa4050
 Prev Bits: [0x000001ff7e0d0000, 0x000001ff7e8d0000)
 Next Bits: [0x000001ff7e8d0000, 0x000001ff7f0d0000)

Polling page: 0x000001ff73ea0000

Metaspace:

Usage:
  Non-class:     45.17 MB used.
      Class:      7.39 MB used.
       Both:     52.56 MB used.

Virtual space:
  Non-class space:       64.00 MB reserved,      46.00 MB ( 72%) committed,  1 nodes.
      Class space:      308.00 MB reserved,       8.25 MB (  3%) committed,  1 nodes.
             Both:      372.00 MB reserved,      54.25 MB ( 15%) committed. 

Chunk freelists:
   Non-Class:  2.02 MB
       Class:  3.75 MB
        Both:  5.77 MB

MaxMetaspaceSize: 384.00 MB
CompressedClassSpaceSize: 308.00 MB
Initial GC threshold: 21.00 MB
Current GC threshold: 59.06 MB
CDS: on
MetaspaceReclaimPolicy: balanced
 - commit_granule_bytes: 65536.
 - commit_granule_words: 8192.
 - virtual_space_node_default_size: 8388608.
 - enlarge_chunks_in_place: 1.
 - new_chunks_are_fully_committed: 0.
 - uncommit_free_chunks: 1.
 - use_allocation_guard: 0.


Internal statistics:

num_allocs_failed_limit: 6.
num_arena_births: 3222.
num_arena_deaths: 0.
num_vsnodes_births: 2.
num_vsnodes_deaths: 0.
num_space_committed: 868.
num_space_uncommitted: 0.
num_chunks_returned_to_freelist: 6.
num_chunks_taken_from_freelist: 5834.
num_chunk_merges: 6.
num_chunk_splits: 3746.
num_chunks_enlarged: 2194.
num_inconsistent_stats: 0.

CodeHeap 'non-profiled nmethods': size=120000Kb used=3122Kb max_used=3122Kb free=116877Kb
 bounds [0x000001ff07ad0000, 0x000001ff07de0000, 0x000001ff0f000000]
CodeHeap 'profiled nmethods': size=120000Kb used=11448Kb max_used=11448Kb free=108551Kb
 bounds [0x000001ff00000000, 0x000001ff00b30000, 0x000001ff07530000]
CodeHeap 'non-nmethods': size=5760Kb used=2430Kb max_used=2495Kb free=3330Kb
 bounds [0x000001ff07530000, 0x000001ff077b0000, 0x000001ff07ad0000]
 total_blobs=6718 nmethods=5853 adapters=774
 compilation: enabled
              stopped_count=0, restarted_count=0
 full_count=0

Compilation events (20 events):
Event: 69.166 Thread 0x000001ff7f6f33b0 6661       3       com.google.common.util.concurrent.AbstractFuture$TrustedFuture::<init> (5 bytes)
Event: 69.166 Thread 0x000001ff7f6f33b0 nmethod 6661 0x000001ff00b1fd90 code [0x000001ff00b1ff40, 0x000001ff00b20158]
Event: 69.166 Thread 0x000001ff7f6f33b0 6662       3       com.google.common.util.concurrent.AbstractFuture::<init> (5 bytes)
Event: 69.166 Thread 0x000001ff7f6f33b0 nmethod 6662 0x000001ff00b20290 code [0x000001ff00b20440, 0x000001ff00b205f8]
Event: 69.355 Thread 0x000001ff7f6f33b0 6663       3       org.gradle.internal.hash.HashCode$HashCode128::appendToHasher (21 bytes)
Event: 69.357 Thread 0x000001ff7f6f33b0 nmethod 6663 0x000001ff00b20710 code [0x000001ff00b209c0, 0x000001ff00b21658]
Event: 69.358 Thread 0x000001ff7f6f33b0 6664       3       sun.security.provider.DigestBase::implCompressMultiBlockCheck (58 bytes)
Event: 69.359 Thread 0x000001ff7f6f33b0 nmethod 6664 0x000001ff00b21b10 code [0x000001ff00b21d00, 0x000001ff00b22178]
Event: 69.359 Thread 0x000001ff7f6f33b0 6665       3       com.google.common.cache.CacheBuilder$1::recordLoadSuccess (1 bytes)
Event: 69.360 Thread 0x000001ff7f6f33b0 nmethod 6665 0x000001ff00b22390 code [0x000001ff00b22520, 0x000001ff00b22638]
Event: 69.360 Thread 0x000001ff7f6f33b0 6666   !   3       org.gradle.internal.concurrent.ExecutorPolicy$CatchAndRecordFailures::onExecute (29 bytes)
Event: 69.364 Thread 0x000001ff7f6f33b0 nmethod 6666 0x000001ff00b22710 code [0x000001ff00b22ac0, 0x000001ff00b243c8]
Event: 69.913 Thread 0x000001ff7f6f33b0 6667       3       org.gradle.internal.hash.Hashing$MessageDigestHasher::putHash (6 bytes)
Event: 69.914 Thread 0x000001ff7f6f33b0 nmethod 6667 0x000001ff00b24c90 code [0x000001ff00b24e40, 0x000001ff00b25028]
Event: 70.280 Thread 0x000001ff7f6f33b0 6668       3       org.gradle.internal.hash.Hashing$DefaultHasher::putHash (24 bytes)
Event: 70.281 Thread 0x000001ff7f6f33b0 nmethod 6668 0x000001ff00b25110 code [0x000001ff00b25360, 0x000001ff00b25c68]
Event: 74.574 Thread 0x000001ff7f6f33b0 6669       3       java.util.concurrent.ThreadPoolExecutor::isShutdown (12 bytes)
Event: 74.575 Thread 0x000001ff7f6f33b0 nmethod 6669 0x000001ff00b26010 code [0x000001ff00b261c0, 0x000001ff00b263b8]
Event: 75.573 Thread 0x000001ff7f6f33b0 6670       3       java.util.concurrent.ScheduledThreadPoolExecutor::canRunInCurrentRunState (61 bytes)
Event: 75.574 Thread 0x000001ff7f6f33b0 nmethod 6670 0x000001ff00b26490 code [0x000001ff00b266a0, 0x000001ff00b26ea8]

GC Heap History (12 events):
Event: 0.580 GC heap before
{Heap before GC invocations=0 (full 0):
 garbage-first heap   total 262144K, used 12288K [0x00000000e0000000, 0x0000000100000000)
  region size 1024K, 13 young (13312K), 0 survivors (0K)
 Metaspace       used 1024K, committed 1152K, reserved 380928K
  class space    used 76K, committed 128K, reserved 315392K
}
Event: 0.582 GC heap after
{Heap after GC invocations=1 (full 0):
 garbage-first heap   total 262144K, used 3357K [0x00000000e0000000, 0x0000000100000000)
  region size 1024K, 2 young (2048K), 2 survivors (2048K)
 Metaspace       used 1024K, committed 1152K, reserved 380928K
  class space    used 76K, committed 128K, reserved 315392K
}
Event: 1.407 GC heap before
{Heap before GC invocations=1 (full 0):
 garbage-first heap   total 262144K, used 24861K [0x00000000e0000000, 0x0000000100000000)
  region size 1024K, 19 young (19456K), 2 survivors (2048K)
 Metaspace       used 4011K, committed 4224K, reserved 380928K
  class space    used 481K, committed 576K, reserved 315392K
}
Event: 1.412 GC heap after
{Heap after GC invocations=2 (full 0):
 garbage-first heap   total 262144K, used 10453K [0x00000000e0000000, 0x0000000100000000)
  region size 1024K, 3 young (3072K), 3 survivors (3072K)
 Metaspace       used 4011K, committed 4224K, reserved 380928K
  class space    used 481K, committed 576K, reserved 315392K
}
Event: 2.088 GC heap before
{Heap before GC invocations=2 (full 0):
 garbage-first heap   total 262144K, used 36053K [0x00000000e0000000, 0x0000000100000000)
  region size 1024K, 27 young (27648K), 3 survivors (3072K)
 Metaspace       used 4155K, committed 4352K, reserved 380928K
  class space    used 483K, committed 576K, reserved 315392K
}
Event: 2.093 GC heap after
{Heap after GC invocations=3 (full 0):
 garbage-first heap   total 262144K, used 14637K [0x00000000e0000000, 0x0000000100000000)
  region size 1024K, 4 young (4096K), 4 survivors (4096K)
 Metaspace       used 4155K, committed 4352K, reserved 380928K
  class space    used 483K, committed 576K, reserved 315392K
}
Event: 6.294 GC heap before
{Heap before GC invocations=3 (full 0):
 garbage-first heap   total 262144K, used 111917K [0x00000000e0000000, 0x0000000100000000)
  region size 1024K, 100 young (102400K), 4 survivors (4096K)
 Metaspace       used 20883K, committed 21504K, reserved 380928K
  class space    used 2992K, committed 3328K, reserved 315392K
}
Event: 6.305 GC heap after
{Heap after GC invocations=4 (full 0):
 garbage-first heap   total 262144K, used 22341K [0x00000000e0000000, 0x0000000100000000)
  region size 1024K, 12 young (12288K), 12 survivors (12288K)
 Metaspace       used 20883K, committed 21504K, reserved 380928K
  class space    used 2992K, committed 3328K, reserved 315392K
}
Event: 10.908 GC heap before
{Heap before GC invocations=5 (full 0):
 garbage-first heap   total 262144K, used 131909K [0x00000000e0000000, 0x0000000100000000)
  region size 1024K, 116 young (118784K), 12 survivors (12288K)
 Metaspace       used 34870K, committed 35968K, reserved 380928K
  class space    used 4793K, committed 5376K, reserved 315392K
}
Event: 10.923 GC heap after
{Heap after GC invocations=6 (full 0):
 garbage-first heap   total 262144K, used 32958K [0x00000000e0000000, 0x0000000100000000)
  region size 1024K, 16 young (16384K), 16 survivors (16384K)
 Metaspace       used 34870K, committed 35968K, reserved 380928K
  class space    used 4793K, committed 5376K, reserved 315392K
}
Event: 46.951 GC heap before
{Heap before GC invocations=7 (full 0):
 garbage-first heap   total 262144K, used 174270K [0x00000000e0000000, 0x0000000100000000)
  region size 1024K, 153 young (156672K), 16 survivors (16384K)
 Metaspace       used 50784K, committed 52480K, reserved 380928K
  class space    used 7049K, committed 7936K, reserved 315392K
}
Event: 46.971 GC heap after
{Heap after GC invocations=8 (full 0):
 garbage-first heap   total 262144K, used 39104K [0x00000000e0000000, 0x0000000100000000)
  region size 1024K, 17 young (17408K), 17 survivors (17408K)
 Metaspace       used 50784K, committed 52480K, reserved 380928K
  class space    used 7049K, committed 7936K, reserved 315392K
}

Dll operation events (15 events):
Event: 0.009 Loaded shared library C:\Program Files\Java\jdk-19\bin\java.dll
Event: 0.024 Loaded shared library C:\Program Files\Java\jdk-19\bin\jsvml.dll
Event: 0.150 Loaded shared library C:\Program Files\Java\jdk-19\bin\zip.dll
Event: 0.155 Loaded shared library C:\Program Files\Java\jdk-19\bin\instrument.dll
Event: 0.163 Loaded shared library C:\Program Files\Java\jdk-19\bin\net.dll
Event: 0.171 Loaded shared library C:\Program Files\Java\jdk-19\bin\nio.dll
Event: 0.178 Loaded shared library C:\Program Files\Java\jdk-19\bin\zip.dll
Event: 0.490 Loaded shared library C:\Program Files\Java\jdk-19\bin\jimage.dll
Event: 0.589 Loaded shared library C:\Program Files\Java\jdk-19\bin\verify.dll
Event: 0.877 Loaded shared library C:\Users\PC-home\.gradle\native\68d5fa5c4cc2d200863cafc0d521ce42e7d3e7ee720ec0a83991735586a16f82\windows-amd64\native-platform.dll
Event: 0.905 Loaded shared library C:\Users\PC-home\.gradle\native\e376f236ea51e6404a007f0833ffe2c6e607c4080706a723a18a27aeea778392\windows-amd64\native-platform-file-events.dll
Event: 2.509 Loaded shared library C:\Program Files\Java\jdk-19\bin\management.dll
Event: 2.513 Loaded shared library C:\Program Files\Java\jdk-19\bin\management_ext.dll
Event: 2.990 Loaded shared library C:\Program Files\Java\jdk-19\bin\extnet.dll
Event: 3.534 Loaded shared library C:\Program Files\Java\jdk-19\bin\sunmscapi.dll

Deoptimization events (20 events):
Event: 47.781 Thread 0x000001ff18c19a70 DEOPT PACKING pc=0x000001ff07d6a6cc sp=0x00000058555ff020
Event: 47.781 Thread 0x000001ff18c19a70 DEOPT UNPACKING pc=0x000001ff07596da3 sp=0x00000058555feeb0 mode 2
Event: 47.781 Thread 0x000001ff18c17a90 Uncommon trap: trap_request=0xffffff45 fr.pc=0x000001ff07cdbea8 relative=0x0000000000000388
Event: 47.781 Thread 0x000001ff18c17a90 Uncommon trap: reason=unstable_if action=reinterpret pc=0x000001ff07cdbea8 method=java.util.HashMap$HashIterator.<init>(Ljava/util/HashMap;)V @ 45 c2
Event: 47.781 Thread 0x000001ff18c17a90 DEOPT PACKING pc=0x000001ff07cdbea8 sp=0x00000058556fec20
Event: 47.781 Thread 0x000001ff18c17a90 DEOPT UNPACKING pc=0x000001ff07596da3 sp=0x00000058556febd8 mode 2
Event: 48.512 Thread 0x000001ff18c19a70 Uncommon trap: trap_request=0xffffffde fr.pc=0x000001ff07d25508 relative=0x0000000000000268
Event: 48.512 Thread 0x000001ff18c19a70 Uncommon trap: reason=class_check action=maybe_recompile pc=0x000001ff07d25508 method=java.util.stream.StreamOpFlag.fromCharacteristics(Ljava/util/Spliterator;)I @ 14 c2
Event: 48.512 Thread 0x000001ff18c19a70 DEOPT PACKING pc=0x000001ff07d25508 sp=0x00000058555fe4a0
Event: 48.512 Thread 0x000001ff18c19a70 DEOPT UNPACKING pc=0x000001ff07596da3 sp=0x00000058555fe388 mode 2
Event: 48.521 Thread 0x000001ff167ec9e0 Uncommon trap: trap_request=0xffffff45 fr.pc=0x000001ff07d81ef0 relative=0x00000000000001d0
Event: 48.521 Thread 0x000001ff167ec9e0 Uncommon trap: reason=unstable_if action=reinterpret pc=0x000001ff07d81ef0 method=java.io.ObjectOutputStream$BlockDataOutputStream.drain()V @ 12 c2
Event: 48.521 Thread 0x000001ff167ec9e0 DEOPT PACKING pc=0x000001ff07d81ef0 sp=0x0000005853cfe690
Event: 48.521 Thread 0x000001ff167ec9e0 DEOPT UNPACKING pc=0x000001ff07596da3 sp=0x0000005853cfe658 mode 2
Event: 54.641 Thread 0x000001ff18c19a70 Uncommon trap: trap_request=0xffffff45 fr.pc=0x000001ff07bae3fc relative=0x00000000000002dc
Event: 54.641 Thread 0x000001ff18c19a70 Uncommon trap: reason=unstable_if action=reinterpret pc=0x000001ff07bae3fc method=java.lang.String.regionMatches(ZILjava/lang/String;II)Z @ 1 c2
Event: 54.641 Thread 0x000001ff18c19a70 DEOPT PACKING pc=0x000001ff07bae3fc sp=0x00000058555fa820
Event: 54.641 Thread 0x000001ff18c19a70 DEOPT UNPACKING pc=0x000001ff07596da3 sp=0x00000058555fa7c8 mode 2
Event: 75.451 Thread 0x000001ff18c19a70 DEOPT PACKING pc=0x000001ff00acd8ec sp=0x00000058555f7370
Event: 75.451 Thread 0x000001ff18c19a70 DEOPT UNPACKING pc=0x000001ff07597543 sp=0x00000058555f67e8 mode 0

Classes loaded (20 events):
Event: 47.749 Loading class java/io/FilterReader
Event: 47.749 Loading class java/io/FilterReader done
Event: 48.512 Loading class java/util/TreeMap$KeySpliterator
Event: 48.512 Loading class java/util/TreeMap$TreeMapSpliterator
Event: 48.512 Loading class java/util/TreeMap$TreeMapSpliterator done
Event: 48.512 Loading class java/util/TreeMap$KeySpliterator done
Event: 48.521 Loading class java/io/SerialCallbackContext
Event: 48.521 Loading class java/io/SerialCallbackContext done
Event: 54.211 Loading class java/util/stream/ReferencePipeline$4
Event: 54.211 Loading class java/util/stream/ReferencePipeline$4 done
Event: 54.211 Loading class java/util/function/IntBinaryOperator
Event: 54.211 Loading class java/util/function/IntBinaryOperator done
Event: 54.211 Loading class java/util/stream/ReduceOps$6
Event: 54.212 Loading class java/util/stream/ReduceOps$6 done
Event: 54.212 Loading class java/util/stream/ReduceOps$5ReducingSink
Event: 54.212 Loading class java/util/stream/ReduceOps$5ReducingSink done
Event: 54.212 Loading class java/util/stream/ReferencePipeline$4$1
Event: 54.213 Loading class java/util/stream/ReferencePipeline$4$1 done
Event: 75.442 Loading class java/util/logging/LogRecord
Event: 75.443 Loading class java/util/logging/LogRecord done

Classes unloaded (0 events):
No events

Classes redefined (0 events):
No events

Internal exceptions (20 events):
Event: 47.739 Thread 0x000001ff1668a9d0 Exception <a 'java/lang/ClassNotFoundException'{0x00000000ee25d3b8}: org/gradle/api/plugins/JavaPluginConventionBeanInfo> (0x00000000ee25d3b8) 
thrown [s\open\src\hotspot\share\classfile\systemDictionary.cpp, line 255]
Event: 47.739 Thread 0x000001ff1668a9d0 Exception <a 'java/lang/ClassNotFoundException'{0x00000000ee268268}: org/gradle/api/plugins/JavaPluginConventionCustomizer> (0x00000000ee268268) 
thrown [s\open\src\hotspot\share\classfile\systemDictionary.cpp, line 255]
Event: 47.740 Thread 0x000001ff1668a9d0 Exception <a 'java/lang/ClassNotFoundException'{0x00000000ee2871b0}: org/gradle/api/plugins/internal/NaggingJavaPluginConventionCustomizer> (0x00000000ee2871b0) 
thrown [s\open\src\hotspot\share\classfile\systemDictionary.cpp, line 255]
Event: 47.747 Thread 0x000001ff1668a9d0 Exception <a 'java/lang/ClassNotFoundException'{0x00000000ee1e8780}: org/gradle/language/jvm/tasks/ProcessResources_DecoratedBeanInfo> (0x00000000ee1e8780) 
thrown [s\open\src\hotspot\share\classfile\systemDictionary.cpp, line 255]
Event: 47.747 Thread 0x000001ff1668a9d0 Exception <a 'java/lang/ClassNotFoundException'{0x00000000ee1f36a8}: org/gradle/language/jvm/tasks/ProcessResourcesBeanInfo> (0x00000000ee1f36a8) 
thrown [s\open\src\hotspot\share\classfile\systemDictionary.cpp, line 255]
Event: 47.748 Thread 0x000001ff1668a9d0 Exception <a 'java/lang/ClassNotFoundException'{0x00000000ee1fc7a0}: org/gradle/api/tasks/CopyBeanInfo> (0x00000000ee1fc7a0) 
thrown [s\open\src\hotspot\share\classfile\systemDictionary.cpp, line 255]
Event: 47.748 Thread 0x000001ff1668a9d0 Exception <a 'java/lang/ClassNotFoundException'{0x00000000ee005f38}: org/gradle/api/tasks/AbstractCopyTaskBeanInfo> (0x00000000ee005f38) 
thrown [s\open\src\hotspot\share\classfile\systemDictionary.cpp, line 255]
Event: 47.748 Thread 0x000001ff1668a9d0 Exception <a 'java/lang/ClassNotFoundException'{0x00000000ee00f180}: org/gradle/api/tasks/AbstractCopyTaskCustomizer> (0x00000000ee00f180) 
thrown [s\open\src\hotspot\share\classfile\systemDictionary.cpp, line 255]
Event: 47.751 Thread 0x000001ff1668a9d0 Exception <a 'java/lang/ClassNotFoundException'{0x00000000ee089a20}: org/gradle/api/tasks/CopyCustomizer> (0x00000000ee089a20) 
thrown [s\open\src\hotspot\share\classfile\systemDictionary.cpp, line 255]
Event: 47.751 Thread 0x000001ff1668a9d0 Exception <a 'java/lang/ClassNotFoundException'{0x00000000ee0ab870}: org/gradle/language/jvm/tasks/ProcessResourcesCustomizer> (0x00000000ee0ab870) 
thrown [s\open\src\hotspot\share\classfile\systemDictionary.cpp, line 255]
Event: 47.752 Thread 0x000001ff1668a9d0 Exception <a 'java/lang/ClassNotFoundException'{0x00000000ee0ca750}: org/gradle/language/jvm/tasks/ProcessResources_DecoratedCustomizer> (0x00000000ee0ca750) 
thrown [s\open\src\hotspot\share\classfile\systemDictionary.cpp, line 255]
Event: 47.757 Thread 0x000001ff1668a9d0 Exception <a 'java/lang/ClassNotFoundException'{0x00000000edf68520}: org/gradle/api/DefaultTask_DecoratedBeanInfo> (0x00000000edf68520) 
thrown [s\open\src\hotspot\share\classfile\systemDictionary.cpp, line 255]
Event: 47.760 Thread 0x000001ff1668a9d0 Exception <a 'java/lang/ClassNotFoundException'{0x00000000edf71700}: org/gradle/api/DefaultTask_DecoratedCustomizer> (0x00000000edf71700) 
thrown [s\open\src\hotspot\share\classfile\systemDictionary.cpp, line 255]
Event: 47.799 Thread 0x000001ff185085a0 Exception <a 'java/lang/NoSuchMethodError'{0x00000000edc154f0}: 'java.lang.Object java.lang.invoke.DirectMethodHandle$Holder.newInvokeSpecial(java.lang.Object, java.lang.Object, java.lang.Object, java.lang.Object, int, java.lang.Object)'> (0x00000000edc154f0) 
thrown [s\open\src\hotspot\share\interpreter\linkResolver.cpp, line 774]
Event: 47.799 Thread 0x000001ff185085a0 Exception <a 'java/lang/NoSuchMethodError'{0x00000000edc19800}: 'java.lang.Object java.lang.invoke.Invokers$Holder.linkToTargetMethod(java.lang.Object, java.lang.Object, java.lang.Object, int, java.lang.Object, java.lang.Object)'> (0x00000000edc19800) 
thrown [s\open\src\hotspot\share\interpreter\linkResolver.cpp, line 774]
Event: 48.518 Thread 0x000001ff167ec9e0 Exception <a 'java/lang/NoSuchMethodError'{0x00000000eea979e8}: static Lorg/gradle/internal/build/event/types/DefaultTaskStartedProgressEvent;.<clinit>()V> (0x00000000eea979e8) 
thrown [s\open\src\hotspot\share\prims\jni.cpp, line 1107]
Event: 48.519 Thread 0x000001ff167ec9e0 Exception <a 'java/lang/NoSuchMethodError'{0x00000000ed906aa8}: static Lorg/gradle/internal/build/event/types/DefaultTaskDescriptor;.<clinit>()V> (0x00000000ed906aa8) 
thrown [s\open\src\hotspot\share\prims\jni.cpp, line 1107]
Event: 48.522 Thread 0x000001ff167ec9e0 Exception <a 'java/lang/NoSuchMethodError'{0x00000000ed925aa0}: static Lorg/gradle/internal/build/event/types/DefaultBinaryPluginIdentifier;.<clinit>()V> (0x00000000ed925aa0) 
thrown [s\open\src\hotspot\share\prims\jni.cpp, line 1107]
Event: 48.523 Thread 0x000001ff18c19a70 Exception <a 'java/lang/IncompatibleClassChangeError'{0x00000000ed940018}: Found class java.lang.Object, but interface was expected> (0x00000000ed940018) 
thrown [s\open\src\hotspot\share\interpreter\linkResolver.cpp, line 841]
Event: 75.451 Thread 0x000001ff18c19a70 Exception <a 'net/rubygrapefruit/platform/NativeException'{0x00000000ed52f698}: Execution timed out> (0x00000000ed52f698) 
thrown [s\open\src\hotspot\share\prims\jni.cpp, line 536]

VM Operations (20 events):
Event: 60.509 Executing VM operation: Cleanup
Event: 60.509 Executing VM operation: Cleanup done
Event: 62.510 Executing VM operation: Cleanup
Event: 62.510 Executing VM operation: Cleanup done
Event: 64.510 Executing VM operation: Cleanup
Event: 64.510 Executing VM operation: Cleanup done
Event: 65.510 Executing VM operation: Cleanup
Event: 65.510 Executing VM operation: Cleanup done
Event: 68.512 Executing VM operation: Cleanup
Event: 68.512 Executing VM operation: Cleanup done
Event: 70.513 Executing VM operation: Cleanup
Event: 70.513 Executing VM operation: Cleanup done
Event: 71.514 Executing VM operation: Cleanup
Event: 71.514 Executing VM operation: Cleanup done
Event: 75.448 Executing VM operation: HandshakeAllThreads
Event: 75.448 Executing VM operation: HandshakeAllThreads done
Event: 75.448 Executing VM operation: Cleanup
Event: 75.448 Executing VM operation: Cleanup done
Event: 75.455 Executing VM operation: HandshakeAllThreads
Event: 75.455 Executing VM operation: HandshakeAllThreads done

Events (20 events):
Event: 24.174 Thread 0x000001ff7f70ea20 flushing nmethod 0x000001ff0086d410
Event: 24.175 Thread 0x000001ff7f70ea20 flushing nmethod 0x000001ff00884610
Event: 24.175 Thread 0x000001ff7f70ea20 flushing nmethod 0x000001ff008a3690
Event: 24.175 Thread 0x000001ff7f70ea20 flushing nmethod 0x000001ff008a4110
Event: 24.175 Thread 0x000001ff7f70ea20 flushing nmethod 0x000001ff00919310
Event: 24.175 Thread 0x000001ff7f70ea20 flushing nmethod 0x000001ff00942110
Event: 24.175 Thread 0x000001ff7f70ea20 flushing nmethod 0x000001ff0094f290
Event: 24.175 Thread 0x000001ff7f70ea20 flushing nmethod 0x000001ff0094f690
Event: 24.175 Thread 0x000001ff7f70ea20 flushing nmethod 0x000001ff00950c10
Event: 24.175 Thread 0x000001ff7f70ea20 flushing nmethod 0x000001ff00951490
Event: 25.557 Thread 0x000001ff1850a030 Thread added: 0x000001ff1850a030
Event: 37.986 Thread 0x000001ff18507b00 Thread added: 0x000001ff18507b00
Event: 37.986 Thread 0x000001ff1850d550 Thread added: 0x000001ff1850d550
Event: 37.986 Thread 0x000001ff1850daa0 Thread added: 0x000001ff1850daa0
Event: 41.147 Thread 0x000001ff18508af0 Thread added: 0x000001ff18508af0
Event: 47.771 Thread 0x000001ff185085a0 Thread added: 0x000001ff185085a0
Event: 47.778 Thread 0x000001ff18c19a70 Thread added: 0x000001ff18c19a70
Event: 47.778 Thread 0x000001ff18c17a90 Thread added: 0x000001ff18c17a90
Event: 47.778 Thread 0x000001ff18c14ac0 Thread added: 0x000001ff18c14ac0
Event: 47.814 Thread 0x000001ff18c15560 Thread added: 0x000001ff18c15560


Dynamic libraries:
0x00007ff625570000 - 0x00007ff625580000 	C:\Program Files\Java\jdk-19\bin\java.exe
0x00007fff54840000 - 0x00007fff54a30000 	C:\WINDOWS\SYSTEM32\ntdll.dll
0x00007fff541f0000 - 0x00007fff542a2000 	C:\WINDOWS\System32\KERNEL32.DLL
0x00007fff52610000 - 0x00007fff528b5000 	C:\WINDOWS\System32\KERNELBASE.dll
0x00007fff52200000 - 0x00007fff522fa000 	C:\WINDOWS\System32\ucrtbase.dll
0x00007fff43930000 - 0x00007fff43948000 	C:\Program Files\Java\jdk-19\bin\jli.dll
0x00007fff43980000 - 0x00007fff4399b000 	C:\Program Files\Java\jdk-19\bin\VCRUNTIME140.dll
0x00007fff53750000 - 0x00007fff537f3000 	C:\WINDOWS\System32\ADVAPI32.dll
0x00007fff53830000 - 0x00007fff538ce000 	C:\WINDOWS\System32\msvcrt.dll
0x00007fff536b0000 - 0x00007fff53747000 	C:\WINDOWS\System32\sechost.dll
0x00007fff53f70000 - 0x00007fff54090000 	C:\WINDOWS\System32\RPCRT4.dll
0x00007fff545f0000 - 0x00007fff54785000 	C:\WINDOWS\System32\USER32.dll
0x00007fff52300000 - 0x00007fff52321000 	C:\WINDOWS\System32\win32u.dll
0x00007fff53680000 - 0x00007fff536a6000 	C:\WINDOWS\System32\GDI32.dll
0x00007fff51840000 - 0x00007fff519d6000 	C:\WINDOWS\System32\gdi32full.dll
0x00007fff52160000 - 0x00007fff521fe000 	C:\WINDOWS\System32\msvcp_win.dll
0x00007fff3c1d0000 - 0x00007fff3c454000 	C:\WINDOWS\WinSxS\amd64_microsoft.windows.common-controls_6595b64144ccf1df_6.0.18362.1082_none_9e8193e1e45b25c1\COMCTL32.dll
0x00007fff542b0000 - 0x00007fff545e5000 	C:\WINDOWS\System32\combase.dll
0x00007fff52480000 - 0x00007fff52500000 	C:\WINDOWS\System32\bcryptPrimitives.dll
0x00007fff49870000 - 0x00007fff4987a000 	C:\WINDOWS\SYSTEM32\VERSION.dll
0x00007fff53800000 - 0x00007fff5382e000 	C:\WINDOWS\System32\IMM32.DLL
0x00007fff441f0000 - 0x00007fff441fc000 	C:\Program Files\Java\jdk-19\bin\vcruntime140_1.dll
0x00007fff3de30000 - 0x00007fff3debe000 	C:\Program Files\Java\jdk-19\bin\msvcp140.dll
0x00007ffef4950000 - 0x00007ffef5610000 	C:\Program Files\Java\jdk-19\bin\server\jvm.dll
0x00007fff367e0000 - 0x00007fff367e9000 	C:\WINDOWS\SYSTEM32\WSOCK32.dll
0x00007fff4ea00000 - 0x00007fff4ea24000 	C:\WINDOWS\SYSTEM32\WINMM.dll
0x00007fff54180000 - 0x00007fff541ef000 	C:\WINDOWS\System32\WS2_32.dll
0x00007fff4e9d0000 - 0x00007fff4e9fd000 	C:\WINDOWS\SYSTEM32\WINMMBASE.dll
0x00007fff517d0000 - 0x00007fff5181a000 	C:\WINDOWS\System32\cfgmgr32.dll
0x00007fff51710000 - 0x00007fff51721000 	C:\WINDOWS\System32\kernel.appcore.dll
0x00007fff438d0000 - 0x00007fff438da000 	C:\Program Files\Java\jdk-19\bin\jimage.dll
0x00007fff3c6c0000 - 0x00007fff3c8b4000 	C:\WINDOWS\SYSTEM32\DBGHELP.DLL
0x00007fff36590000 - 0x00007fff365ba000 	C:\WINDOWS\SYSTEM32\dbgcore.DLL
0x00007fff4e010000 - 0x00007fff4e01e000 	C:\Program Files\Java\jdk-19\bin\instrument.dll
0x00007fff41ec0000 - 0x00007fff41ee6000 	C:\Program Files\Java\jdk-19\bin\java.dll
0x00007fff22250000 - 0x00007fff22327000 	C:\Program Files\Java\jdk-19\bin\jsvml.dll
0x00007fff528f0000 - 0x00007fff52fd7000 	C:\WINDOWS\System32\SHELL32.dll
0x00007fff53ec0000 - 0x00007fff53f69000 	C:\WINDOWS\System32\shcore.dll
0x00007fff519e0000 - 0x00007fff52160000 	C:\WINDOWS\System32\windows.storage.dll
0x00007fff517a0000 - 0x00007fff517c3000 	C:\WINDOWS\System32\profapi.dll
0x00007fff51730000 - 0x00007fff5177a000 	C:\WINDOWS\System32\powrprof.dll
0x00007fff51700000 - 0x00007fff51710000 	C:\WINDOWS\System32\UMPDC.dll
0x00007fff53c90000 - 0x00007fff53ce2000 	C:\WINDOWS\System32\shlwapi.dll
0x00007fff51820000 - 0x00007fff51837000 	C:\WINDOWS\System32\cryptsp.dll
0x00007fff40270000 - 0x00007fff40288000 	C:\Program Files\Java\jdk-19\bin\zip.dll
0x00007fff41ea0000 - 0x00007fff41eb3000 	C:\Program Files\Java\jdk-19\bin\net.dll
0x00007fff43660000 - 0x00007fff43750000 	C:\WINDOWS\SYSTEM32\WINHTTP.dll
0x00007fff50f50000 - 0x00007fff50fb7000 	C:\WINDOWS\system32\mswsock.dll
0x00007fff41e80000 - 0x00007fff41e96000 	C:\Program Files\Java\jdk-19\bin\nio.dll
0x00007fff40260000 - 0x00007fff40270000 	C:\Program Files\Java\jdk-19\bin\verify.dll
0x00007fff477d0000 - 0x00007fff477f7000 	C:\Users\PC-home\.gradle\native\68d5fa5c4cc2d200863cafc0d521ce42e7d3e7ee720ec0a83991735586a16f82\windows-amd64\native-platform.dll
0x00007fff3a500000 - 0x00007fff3a644000 	C:\Users\PC-home\.gradle\native\e376f236ea51e6404a007f0833ffe2c6e607c4080706a723a18a27aeea778392\windows-amd64\native-platform-file-events.dll
0x00007fff447c0000 - 0x00007fff447ca000 	C:\Program Files\Java\jdk-19\bin\management.dll
0x00007fff447b0000 - 0x00007fff447bb000 	C:\Program Files\Java\jdk-19\bin\management_ext.dll
0x00007fff53cf0000 - 0x00007fff53cf8000 	C:\WINDOWS\System32\PSAPI.DLL
0x00007fff50ac0000 - 0x00007fff50af3000 	C:\WINDOWS\system32\rsaenh.dll
0x00007fff528c0000 - 0x00007fff528e6000 	C:\WINDOWS\System32\bcrypt.dll
0x00007fff515e0000 - 0x00007fff51605000 	C:\WINDOWS\SYSTEM32\USERENV.dll
0x00007fff51120000 - 0x00007fff5112c000 	C:\WINDOWS\SYSTEM32\CRYPTBASE.dll
0x00007fff50c60000 - 0x00007fff50c9a000 	C:\WINDOWS\SYSTEM32\IPHLPAPI.DLL
0x00007fff53eb0000 - 0x00007fff53eb8000 	C:\WINDOWS\System32\NSI.dll
0x00007fff4be60000 - 0x00007fff4be76000 	C:\WINDOWS\SYSTEM32\dhcpcsvc6.DLL
0x00007fff4be20000 - 0x00007fff4be3c000 	C:\WINDOWS\SYSTEM32\dhcpcsvc.DLL
0x00007fff50ca0000 - 0x00007fff50d6b000 	C:\WINDOWS\SYSTEM32\DNSAPI.dll
0x00007fff40010000 - 0x00007fff40018000 	C:\Program Files\Java\jdk-19\bin\extnet.dll
0x00007fff447a0000 - 0x00007fff447ae000 	C:\Program Files\Java\jdk-19\bin\sunmscapi.dll
0x00007fff52330000 - 0x00007fff52479000 	C:\WINDOWS\System32\CRYPT32.dll
0x00007fff51780000 - 0x00007fff51792000 	C:\WINDOWS\System32\MSASN1.dll
0x00007fff51220000 - 0x00007fff51246000 	C:\WINDOWS\SYSTEM32\ncrypt.dll
0x00007fff511e0000 - 0x00007fff5121b000 	C:\WINDOWS\SYSTEM32\NTASN1.dll
0x00007fff3dd10000 - 0x00007fff3dd17000 	C:\WINDOWS\system32\wshunix.dll

dbghelp: loaded successfully - version: 4.0.5 - missing functions: none
symbol engine: initialized successfully - sym options: 0x614 - pdb path: .;C:\Program Files\Java\jdk-19\bin;C:\WINDOWS\SYSTEM32;C:\WINDOWS\WinSxS\amd64_microsoft.windows.common-controls_6595b64144ccf1df_6.0.18362.1082_none_9e8193e1e45b25c1;C:\Program Files\Java\jdk-19\bin\server;C:\Users\PC-home\.gradle\native\68d5fa5c4cc2d200863cafc0d521ce42e7d3e7ee720ec0a83991735586a16f82\windows-amd64;C:\Users\PC-home\.gradle\native\e376f236ea51e6404a007f0833ffe2c6e607c4080706a723a18a27aeea778392\windows-amd64

VM Arguments:
jvm_args: --add-opens=java.base/java.util=ALL-UNNAMED --add-opens=java.base/java.lang=ALL-UNNAMED --add-opens=java.base/java.lang.invoke=ALL-UNNAMED --add-opens=java.prefs/java.util.prefs=ALL-UNNAMED --add-opens=java.base/java.nio.charset=ALL-UNNAMED --add-opens=java.base/java.net=ALL-UNNAMED --add-opens=java.base/java.util.concurrent.atomic=ALL-UNNAMED -XX:MaxMetaspaceSize=384m -XX:+HeapDumpOnOutOfMemoryError -Xms256m -Xmx512m -Dfile.encoding=windows-1252 -Duser.country=GB -Duser.language=en -Duser.variant -javaagent:C:\Users\PC-home\.gradle\wrapper\dists\gradle-8.3-bin\dxjbbhstwasg8cbags9q7cvli\gradle-8.3\lib\agents\gradle-instrumentation-agent-8.3.jar 
java_command: org.gradle.launcher.daemon.bootstrap.GradleDaemon 8.3
java_class_path (initial): C:\Users\PC-home\.gradle\wrapper\dists\gradle-8.3-bin\dxjbbhstwasg8cbags9q7cvli\gradle-8.3\lib\gradle-launcher-8.3.jar
Launcher Type: SUN_STANDARD

[Global flags]
     intx CICompilerCount                          = 3                                         {product} {ergonomic}
   size_t CompressedClassSpaceSize                 = 322961408                                 {product} {ergonomic}
     uint ConcGCThreads                            = 1                                         {product} {ergonomic}
     uint G1ConcRefinementThreads                  = 4                                         {product} {ergonomic}
   size_t G1HeapRegionSize                         = 1048576                                   {product} {ergonomic}
    uintx GCDrainStackTargetSize                   = 64                                        {product} {ergonomic}
     bool HeapDumpOnOutOfMemoryError               = true                                   {manageable} {command line}
   size_t InitialHeapSize                          = 268435456                                 {product} {command line}
   size_t MarkStackSize                            = 4194304                                   {product} {ergonomic}
   size_t MaxHeapSize                              = 536870912                                 {product} {command line}
   size_t MaxMetaspaceSize                         = 402653184                                 {product} {command line}
   size_t MaxNewSize                               = 321912832                                 {product} {ergonomic}
   size_t MinHeapDeltaBytes                        = 1048576                                   {product} {ergonomic}
   size_t MinHeapSize                              = 268435456                                 {product} {command line}
    uintx NonNMethodCodeHeapSize                   = 5832780                                {pd product} {ergonomic}
    uintx NonProfiledCodeHeapSize                  = 122912730                              {pd product} {ergonomic}
    uintx ProfiledCodeHeapSize                     = 122912730                              {pd product} {ergonomic}
    uintx ReservedCodeCacheSize                    = 251658240                              {pd product} {ergonomic}
     bool SegmentedCodeCache                       = true                                      {product} {ergonomic}
   size_t SoftMaxHeapSize                          = 536870912                              {manageable} {ergonomic}
     bool UseCompressedClassPointers               = true                           {product lp64_product} {ergonomic}
     bool UseCompressedOops                        = true                           {product lp64_product} {ergonomic}
     bool UseG1GC                                  = true                                      {product} {ergonomic}
     bool UseLargePagesIndividualAllocation        = false                                  {pd product} {ergonomic}

Logging:
Log output configuration:
 #0: stdout all=warning uptime,level,tags foldmultilines=false
 #1: stderr all=off uptime,level,tags foldmultilines=false

Environment Variables:
PATH=C:\Program Files\Common Files\Oracle\Java\javapath;C:\Program Files (x86)\Common Files\Oracle\Java\javapath;C:\WINDOWS\system32;C:\WINDOWS;C:\WINDOWS\System32\Wbem;C:\WINDOWS\System32\WindowsPowerShell\v1.0\;C:\WINDOWS\System32\OpenSSH\;C:\Program Files (x86)\NVIDIA Corporation\PhysX\Common;C:\WINDOWS\system32;C:\WINDOWS;C:\WINDOWS\System32\Wbem;C:\WINDOWS\System32\WindowsPowerShell\v1.0\;C:\WINDOWS\System32\OpenSSH\;D:\Brackets\command;C:\Program Files\Git\cmd;D:\Git\cmd;C:\Program Files\NVIDIA Corporation\NVIDIA NvDLISR;C:\Users\PC-home\AppData\Local\Microsoft\WindowsApps;C:\Users\PC-home\AppData\Local\GitHubDesktop\bin;D:\Microsoft VS Code\bin
USERNAME=PC-home
OS=Windows_NT
PROCESSOR_IDENTIFIER=Intel64 Family 6 Model 158 Stepping 9, GenuineIntel
TMP=C:\Users\PC-home\AppData\Local\Temp
TEMP=C:\Users\PC-home\AppData\Local\Temp



---------------  S Y S T E M  ---------------

OS:
 Windows 10 , 64 bit Build 18362 (10.0.18362.1082)
OS uptime: 2 days 18:12 hours

CPU: total 4 (initial active 4) (4 cores per cpu, 1 threads per core) family 6 model 158 stepping 9 microcode 0x8e, cx8, cmov, fxsr, mmx, 3dnowpref, sse, sse2, sse3, ssse3, sse4.1, sse4.2, popcnt, lzcnt, tsc, tscinvbit, avx, avx2, aes, erms, clmul, bmi1, bmi2, adx, fma, vzeroupper, clflush, clflushopt, rdtscp

Memory: 4k page, system-wide physical 8155M (310M free)
TotalPageFile size 28207M (AvailPageFile size 3397M)
current process WorkingSet (physical memory assigned to process): 330M, peak: 368M
current process commit charge ("private bytes"): 445M, peak: 467M

vm_info: Java HotSpot(TM) 64-Bit Server VM (19.0.1+10-21) for windows-amd64 JRE (19.0.1+10-21), built on 2022-09-14T12:45:06Z by "mach5one" with MS VC++ 17.1 (VS2022)

END.
